<?xml version="1.0" encoding="utf-8"?>
<test-run id="2" testcasecount="1" result="Passed" total="1" passed="1" failed="0" inconclusive="0" skipped="0" asserts="0" engine-version="3.5.0.0" clr-version="4.0.30319.42000" start-time="2026-07-29 12:59:37Z" end-time="2026-07-29 12:59:38Z" duration="0,8268037">
  <test-suite type="TestSuite" id="1017" name="Arcane Duel" fullname="Arcane Duel" runstate="Runnable" testcasecount="7" result="Passed" start-time="2026-07-29 12:59:37Z" end-time="2026-07-29 12:59:38Z" duration="0.826804" total="1" passed="1" failed="0" inconclusive="0" skipped="0" asserts="0">
    <properties>
      <property name="platform" value="PlayMode" />
    </properties>
    <test-suite type="Assembly" id="1010" name="ArcaneDuel.PlayModeTests.dll" fullname="D:/JOGO Y/DO ZERO/Library/ScriptAssemblies/ArcaneDuel.PlayModeTests.dll" runstate="Runnable" testcasecount="7" result="Passed" start-time="2026-07-29 12:59:37Z" end-time="2026-07-29 12:59:38Z" duration="0.818273" total="1" passed="1" failed="0" inconclusive="0" skipped="0" asserts="0">
      <properties>
        <property name="_PID" value="28864" />
        <property name="_APPDOMAIN" value="Unity Child Domain" />
        <property name="platform" value="PlayMode" />
        <property name="EditorOnly" value="False" />
      </properties>
      <test-suite type="TestSuite" id="1011" name="ArcaneDuel" fullname="ArcaneDuel" runstate="Runnable" testcasecount="7" result="Passed" start-time="2026-07-29 12:59:37Z" end-time="2026-07-29 12:59:38Z" duration="0.817595" total="1" passed="1" failed="0" inconclusive="0" skipped="0" asserts="0">
        <properties />
        <test-suite type="TestSuite" id="1012" name="Tests" fullname="ArcaneDuel.Tests" runstate="Runnable" testcasecount="7" result="Passed" start-time="2026-07-29 12:59:37Z" end-time="2026-07-29 12:59:38Z" duration="0.817270" total="1" passed="1" failed="0" inconclusive="0" skipped="0" asserts="0">
          <properties />
          <test-suite type="TestSuite" id="1013" name="PlayMode" fullname="ArcaneDuel.Tests.PlayMode" runstate="Runnable" testcasecount="7" result="Passed" start-time="2026-07-29 12:59:37Z" end-time="2026-07-29 12:59:38Z" duration="0.816926" total="1" passed="1" failed="0" inconclusive="0" skipped="0" asserts="0">
            <properties />
            <test-suite type="TestFixture" id="1001" name="PlayableArenaPlayModeTests" fullname="ArcaneDuel.Tests.PlayMode.PlayableArenaPlayModeTests" classname="ArcaneDuel.Tests.PlayMode.PlayableArenaPlayModeTests" runstate="Runnable" testcasecount="6" result="Passed" start-time="2026-07-29 12:59:37Z" end-time="2026-07-29 12:59:38Z" duration="0.815755" total="1" passed="1" failed="0" inconclusive="0" skipped="0" asserts="0">
              <properties />
              <test-case id="1007" name="ExplicitSelectedDeckSnapshotReachesCore" fullname="ArcaneDuel.Tests.PlayMode.PlayableArenaPlayModeTests.ExplicitSelectedDeckSnapshotReachesCore" methodname="ExplicitSelectedDeckSnapshotReachesCore" classname="ArcaneDuel.Tests.PlayMode.PlayableArenaPlayModeTests" runstate="Runnable" seed="10619145" result="Passed" start-time="2026-07-29 12:59:37Z" end-time="2026-07-29 12:59:38Z" duration="0.805027" asserts="0">
                <properties>
                  <property name="_JOINTYPE" value="UnityCombinatorial" />
                  <property name="retryIteration" value="0" />
                  <property name="repeatIteration" value="0" />
                </properties>
                <output><![CDATA[[Arcane legacy bridge] StartLocalTestDuel requested: deck ativo persistido.
[Arcane legacy bridge] Restarting core with player='Deck Dragão Negro' id='shop:classic-red-eyes-black-dragon' main=40 cards=[74677422,74677422,74677422,36262024,36262024,51632798,51632798,51632798] extra=4; opponent='Deck Dragão Negro' main=40 extra=4.
[Arcane legacy bridge] Core restarted: playerMain=40, playerExtra=4, opponentMain=40, opponentExtra=4, seed=34B1D943F5E90AEF.
[Arcane legacy bridge] StartLocalTestDuel requested: Deck Selecionado de Teste.
[Arcane legacy bridge] Restarting core with player='Deck Selecionado de Teste' id='test:selected-blue-eyes' main=40 cards=[74677422,74677422,74677422,74677422,74677422,74677422,74677422,74677422] extra=0; opponent='Deck Selecionado de Teste' main=40 extra=0.
[Arcane legacy bridge] Core restarted: playerMain=40, playerExtra=0, opponentMain=40, opponentExtra=0, seed=D279471D78BB8F1B.
Saving results to: C:/Users/sousa/AppData/LocalLow/Arcane Duel Team/Arcane Duel\TestResults.xml
]]></output>
              </test-case>
            </test-suite>
          </test-suite>
        </test-suite>
      </test-suite>
    </test-suite>
  </test-suite>
</test-run>