<?xml version="1.0" encoding="utf-8"?>
<test-run id="2" testcasecount="5" result="Failed(Child)" total="5" passed="3" failed="2" inconclusive="0" skipped="0" asserts="0" engine-version="3.5.0.0" clr-version="4.0.30319.42000" start-time="2026-07-29 04:09:45Z" end-time="2026-07-29 04:09:45Z" duration="0,5078689">
  <test-suite type="TestSuite" id="1015" name="Arcane Duel" fullname="Arcane Duel" runstate="Runnable" testcasecount="5" result="Failed" site="Child" start-time="2026-07-29 04:09:45Z" end-time="2026-07-29 04:09:45Z" duration="0.507869" total="5" passed="3" failed="2" inconclusive="0" skipped="0" asserts="0">
    <properties>
      <property name="platform" value="PlayMode" />
    </properties>
    <failure>
      <message><![CDATA[One or more child tests had errors]]></message>
    </failure>
    <test-suite type="Assembly" id="1008" name="ArcaneDuel.PlayModeTests.dll" fullname="D:/JOGO Y/DO ZERO/Library/ScriptAssemblies/ArcaneDuel.PlayModeTests.dll" runstate="Runnable" testcasecount="5" result="Failed" site="Child" start-time="2026-07-29 04:09:45Z" end-time="2026-07-29 04:09:45Z" duration="0.499928" total="5" passed="3" failed="2" inconclusive="0" skipped="0" asserts="0">
      <properties>
        <property name="_PID" value="33108" />
        <property name="_APPDOMAIN" value="Unity Child Domain" />
        <property name="platform" value="PlayMode" />
        <property name="EditorOnly" value="False" />
      </properties>
      <failure>
        <message><![CDATA[One or more child tests had errors]]></message>
      </failure>
      <test-suite type="TestSuite" id="1009" name="ArcaneDuel" fullname="ArcaneDuel" runstate="Runnable" testcasecount="5" result="Failed" site="Child" start-time="2026-07-29 04:09:45Z" end-time="2026-07-29 04:09:45Z" duration="0.499477" total="5" passed="3" failed="2" inconclusive="0" skipped="0" asserts="0">
        <properties />
        <failure>
          <message><![CDATA[One or more child tests had errors]]></message>
        </failure>
        <test-suite type="TestSuite" id="1010" name="Tests" fullname="ArcaneDuel.Tests" runstate="Runnable" testcasecount="5" result="Failed" site="Child" start-time="2026-07-29 04:09:45Z" end-time="2026-07-29 04:09:45Z" duration="0.499256" total="5" passed="3" failed="2" inconclusive="0" skipped="0" asserts="0">
          <properties />
          <failure>
            <message><![CDATA[One or more child tests had errors]]></message>
          </failure>
          <test-suite type="TestSuite" id="1011" name="PlayMode" fullname="ArcaneDuel.Tests.PlayMode" runstate="Runnable" testcasecount="5" result="Failed" site="Child" start-time="2026-07-29 04:09:45Z" end-time="2026-07-29 04:09:45Z" duration="0.499009" total="5" passed="3" failed="2" inconclusive="0" skipped="0" asserts="0">
            <properties />
            <failure>
              <message><![CDATA[One or more child tests had errors]]></message>
            </failure>
            <test-suite type="TestFixture" id="1001" name="PlayableArenaPlayModeTests" fullname="ArcaneDuel.Tests.PlayMode.PlayableArenaPlayModeTests" classname="ArcaneDuel.Tests.PlayMode.PlayableArenaPlayModeTests" runstate="Runnable" testcasecount="4" result="Failed" site="Child" start-time="2026-07-29 04:09:45Z" end-time="2026-07-29 04:09:45Z" duration="0.494985" total="4" passed="2" failed="2" inconclusive="0" skipped="0" asserts="0">
              <properties />
              <failure>
                <message><![CDATA[One or more child tests had errors]]></message>
              </failure>
              <test-case id="1003" name="BootstrapSceneShowsTitlePortalBeforeDuel" fullname="ArcaneDuel.Tests.PlayMode.PlayableArenaPlayModeTests.BootstrapSceneShowsTitlePortalBeforeDuel" methodname="BootstrapSceneShowsTitlePortalBeforeDuel" classname="ArcaneDuel.Tests.PlayMode.PlayableArenaPlayModeTests" runstate="Runnable" seed="1391506450" result="Passed" start-time="2026-07-29 04:09:45Z" end-time="2026-07-29 04:09:45Z" duration="0.282666" asserts="0">
                <properties>
                  <property name="_JOINTYPE" value="UnityCombinatorial" />
                  <property name="retryIteration" value="0" />
                  <property name="repeatIteration" value="0" />
                </properties>
              </test-case>
              <test-case id="1004" name="CardLabSceneBootsCompleteDeckBuilder" fullname="ArcaneDuel.Tests.PlayMode.PlayableArenaPlayModeTests.CardLabSceneBootsCompleteDeckBuilder" methodname="CardLabSceneBootsCompleteDeckBuilder" classname="ArcaneDuel.Tests.PlayMode.PlayableArenaPlayModeTests" runstate="Runnable" seed="1884328739" result="Passed" start-time="2026-07-29 04:09:45Z" end-time="2026-07-29 04:09:45Z" duration="0.195976" asserts="0">
                <properties>
                  <property name="_JOINTYPE" value="UnityCombinatorial" />
                  <property name="retryIteration" value="0" />
                  <property name="repeatIteration" value="0" />
                </properties>
              </test-case>
              <test-case id="1005" name="DuelArenaHasIndependentAudioPresentation" fullname="ArcaneDuel.Tests.PlayMode.PlayableArenaPlayModeTests.DuelArenaHasIndependentAudioPresentation" methodname="DuelArenaHasIndependentAudioPresentation" classname="ArcaneDuel.Tests.PlayMode.PlayableArenaPlayModeTests" runstate="Runnable" seed="270698602" result="Failed" start-time="2026-07-29 04:09:45Z" end-time="2026-07-29 04:09:45Z" duration="0.004437" asserts="0">
                <properties>
                  <property name="_JOINTYPE" value="UnityCombinatorial" />
                  <property name="retryIteration" value="0" />
                  <property name="repeatIteration" value="0" />
                </properties>
                <failure>
                  <message><![CDATA[Unhandled log message: '[Error] Scene 'Duel' couldn't be loaded because it has not been added to the active build profile or shared scene list or the AssetBundle has not been loaded.
To add a scene to the active build profile or shared scene list use the menu File->Build Profiles'. Use UnityEngine.TestTools.LogAssert.Expect]]></message>
                  <stack-trace><![CDATA[UnityEngine.SceneManagement.SceneManager:LoadScene (string)
ArcaneDuel.Tests.PlayMode.PlayableArenaPlayModeTests/<DuelArenaHasIndependentAudioPresentation>d__3:MoveNext () (at Assets/Tests/PlayMode/PlayableArenaPlayModeTests.cs:42)
UnityEngine.SetupCoroutine:InvokeMoveNext (System.Collections.IEnumerator,intptr)

]]></stack-trace>
                </failure>
                <output><![CDATA[Scene 'Duel' couldn't be loaded because it has not been added to the active build profile or shared scene list or the AssetBundle has not been loaded.
To add a scene to the active build profile or shared scene list use the menu File->Build Profiles
]]></output>
              </test-case>
              <test-case id="1002" name="DuelSceneBootsPlayableArena" fullname="ArcaneDuel.Tests.PlayMode.PlayableArenaPlayModeTests.DuelSceneBootsPlayableArena" methodname="DuelSceneBootsPlayableArena" classname="ArcaneDuel.Tests.PlayMode.PlayableArenaPlayModeTests" runstate="Runnable" seed="98131913" result="Failed" start-time="2026-07-29 04:09:45Z" end-time="2026-07-29 04:09:45Z" duration="0.001183" asserts="0">
                <properties>
                  <property name="_JOINTYPE" value="UnityCombinatorial" />
                  <property name="retryIteration" value="0" />
                  <property name="repeatIteration" value="0" />
                </properties>
                <failure>
                  <message><![CDATA[Unhandled log message: '[Error] Scene 'Duel' couldn't be loaded because it has not been added to the active build profile or shared scene list or the AssetBundle has not been loaded.
To add a scene to the active build profile or shared scene list use the menu File->Build Profiles'. Use UnityEngine.TestTools.LogAssert.Expect]]></message>
                  <stack-trace><![CDATA[UnityEngine.SceneManagement.SceneManager:LoadScene (string)
ArcaneDuel.Tests.PlayMode.PlayableArenaPlayModeTests/<DuelSceneBootsPlayableArena>d__0:MoveNext () (at Assets/Tests/PlayMode/PlayableArenaPlayModeTests.cs:15)
UnityEngine.SetupCoroutine:InvokeMoveNext (System.Collections.IEnumerator,intptr)

]]></stack-trace>
                </failure>
                <output><![CDATA[Scene 'Duel' couldn't be loaded because it has not been added to the active build profile or shared scene list or the AssetBundle has not been loaded.
To add a scene to the active build profile or shared scene list use the menu File->Build Profiles
]]></output>
              </test-case>
            </test-suite>
            <test-suite type="TestFixture" id="1006" name="ProjectBootstrapPlayModeTests" fullname="ArcaneDuel.Tests.PlayMode.ProjectBootstrapPlayModeTests" classname="ArcaneDuel.Tests.PlayMode.ProjectBootstrapPlayModeTests" runstate="Runnable" testcasecount="1" result="Passed" start-time="2026-07-29 04:09:45Z" end-time="2026-07-29 04:09:45Z" duration="0.002903" total="1" passed="1" failed="0" inconclusive="0" skipped="0" asserts="0">
              <properties />
              <test-case id="1007" name="SceneMarkerCanBeCreatedAtRuntime" fullname="ArcaneDuel.Tests.PlayMode.ProjectBootstrapPlayModeTests.SceneMarkerCanBeCreatedAtRuntime" methodname="SceneMarkerCanBeCreatedAtRuntime" classname="ArcaneDuel.Tests.PlayMode.ProjectBootstrapPlayModeTests" runstate="Runnable" seed="1687896101" result="Passed" start-time="2026-07-29 04:09:45Z" end-time="2026-07-29 04:09:45Z" duration="0.002219" asserts="0">
                <properties>
                  <property name="_JOINTYPE" value="UnityCombinatorial" />
                  <property name="retryIteration" value="0" />
                  <property name="repeatIteration" value="0" />
                </properties>
                <output><![CDATA[Saving results to: C:/Users/sousa/AppData/LocalLow/Arcane Duel Team/Arcane Duel\TestResults.xml
]]></output>
              </test-case>
            </test-suite>
          </test-suite>
        </test-suite>
      </test-suite>
    </test-suite>
  </test-suite>
</test-run>