<?xml version="1.0" encoding="utf-8"?>
<test-run id="2" testcasecount="9" result="Passed" total="9" passed="9" failed="0" inconclusive="0" skipped="0" asserts="0" engine-version="3.5.0.0" clr-version="4.0.30319.42000" start-time="2026-07-29 23:18:12Z" end-time="2026-07-29 23:18:16Z" duration="4,020067">
  <test-suite type="TestSuite" id="1019" name="Arcane Duel" fullname="Arcane Duel" runstate="Runnable" testcasecount="9" result="Passed" start-time="2026-07-29 23:18:12Z" end-time="2026-07-29 23:18:16Z" duration="4.020067" total="9" passed="9" failed="0" inconclusive="0" skipped="0" asserts="0">
    <properties>
      <property name="platform" value="PlayMode" />
    </properties>
    <test-suite type="Assembly" id="1012" name="ArcaneDuel.PlayModeTests.dll" fullname="D:/JOGO Y/DO ZERO/Library/ScriptAssemblies/ArcaneDuel.PlayModeTests.dll" runstate="Runnable" testcasecount="9" result="Passed" start-time="2026-07-29 23:18:12Z" end-time="2026-07-29 23:18:16Z" duration="4.012110" total="9" passed="9" failed="0" inconclusive="0" skipped="0" asserts="0">
      <properties>
        <property name="_PID" value="33712" />
        <property name="_APPDOMAIN" value="Unity Child Domain" />
        <property name="platform" value="PlayMode" />
        <property name="EditorOnly" value="False" />
      </properties>
      <test-suite type="TestSuite" id="1013" name="ArcaneDuel" fullname="ArcaneDuel" runstate="Runnable" testcasecount="9" result="Passed" start-time="2026-07-29 23:18:12Z" end-time="2026-07-29 23:18:16Z" duration="4.011536" total="9" passed="9" failed="0" inconclusive="0" skipped="0" asserts="0">
        <properties />
        <test-suite type="TestSuite" id="1014" name="Tests" fullname="ArcaneDuel.Tests" runstate="Runnable" testcasecount="9" result="Passed" start-time="2026-07-29 23:18:12Z" end-time="2026-07-29 23:18:16Z" duration="4.011347" total="9" passed="9" failed="0" inconclusive="0" skipped="0" asserts="0">
          <properties />
          <test-suite type="TestSuite" id="1015" name="PlayMode" fullname="ArcaneDuel.Tests.PlayMode" runstate="Runnable" testcasecount="9" result="Passed" start-time="2026-07-29 23:18:12Z" end-time="2026-07-29 23:18:16Z" duration="4.011135" total="9" passed="9" failed="0" inconclusive="0" skipped="0" asserts="0">
            <properties />
            <test-suite type="TestFixture" id="1001" name="PlayableArenaPlayModeTests" fullname="ArcaneDuel.Tests.PlayMode.PlayableArenaPlayModeTests" classname="ArcaneDuel.Tests.PlayMode.PlayableArenaPlayModeTests" runstate="Runnable" testcasecount="8" result="Passed" start-time="2026-07-29 23:18:12Z" end-time="2026-07-29 23:18:16Z" duration="4.006509" total="8" passed="8" failed="0" inconclusive="0" skipped="0" asserts="0">
              <properties />
              <test-case id="1004" name="CardLabSceneBootsCompleteDeckBuilder" fullname="ArcaneDuel.Tests.PlayMode.PlayableArenaPlayModeTests.CardLabSceneBootsCompleteDeckBuilder" methodname="CardLabSceneBootsCompleteDeckBuilder" classname="ArcaneDuel.Tests.PlayMode.PlayableArenaPlayModeTests" runstate="Runnable" seed="1915368422" result="Passed" start-time="2026-07-29 23:18:12Z" end-time="2026-07-29 23:18:13Z" duration="0.210432" asserts="0">
                <properties>
                  <property name="_JOINTYPE" value="UnityCombinatorial" />
                  <property name="retryIteration" value="0" />
                  <property name="repeatIteration" value="0" />
                </properties>
              </test-case>
              <test-case id="1005" name="DuelArenaHasIndependentAudioPresentation" fullname="ArcaneDuel.Tests.PlayMode.PlayableArenaPlayModeTests.DuelArenaHasIndependentAudioPresentation" methodname="DuelArenaHasIndependentAudioPresentation" classname="ArcaneDuel.Tests.PlayMode.PlayableArenaPlayModeTests" runstate="Runnable" seed="914575533" result="Passed" start-time="2026-07-29 23:18:13Z" end-time="2026-07-29 23:18:13Z" duration="0.621867" asserts="0">
                <properties>
                  <property name="_JOINTYPE" value="UnityCombinatorial" />
                  <property name="retryIteration" value="0" />
                  <property name="repeatIteration" value="0" />
                </properties>
              </test-case>
              <test-case id="1002" name="DuelSceneBootsPlayableArena" fullname="ArcaneDuel.Tests.PlayMode.PlayableArenaPlayModeTests.DuelSceneBootsPlayableArena" methodname="DuelSceneBootsPlayableArena" classname="ArcaneDuel.Tests.PlayMode.PlayableArenaPlayModeTests" runstate="Runnable" seed="1589440042" result="Passed" start-time="2026-07-29 23:18:13Z" end-time="2026-07-29 23:18:14Z" duration="0.375619" asserts="0">
                <properties>
                  <property name="_JOINTYPE" value="UnityCombinatorial" />
                  <property name="retryIteration" value="0" />
                  <property name="repeatIteration" value="0" />
                </properties>
                <output><![CDATA[[Arcane legacy bridge] StartLocalTestDuel requested: deck ativo persistido.
[Arcane legacy bridge] Restarting core with player='Deck Dragão Negro' id='shop:classic-red-eyes-black-dragon' main=40 cards=[74677422,74677422,74677422,36262024,36262024,51632798,51632798,51632798] extra=4; opponent='Deck Dragão Negro' main=40 extra=4.
[Arcane legacy bridge] Core restarted: playerMain=40, playerExtra=4, opponentMain=40, opponentExtra=4, seed=34B210BE61DADFD6.
]]></output>
              </test-case>
              <test-case id="1006" name="DuelSceneBuildsProfessionalBattlePresentation" fullname="ArcaneDuel.Tests.PlayMode.PlayableArenaPlayModeTests.DuelSceneBuildsProfessionalBattlePresentation" methodname="DuelSceneBuildsProfessionalBattlePresentation" classname="ArcaneDuel.Tests.PlayMode.PlayableArenaPlayModeTests" runstate="Runnable" seed="1591541106" result="Passed" start-time="2026-07-29 23:18:14Z" end-time="2026-07-29 23:18:14Z" duration="0.329115" asserts="0">
                <properties>
                  <property name="_JOINTYPE" value="UnityCombinatorial" />
                  <property name="retryIteration" value="0" />
                  <property name="repeatIteration" value="0" />
                </properties>
                <output><![CDATA[[Arcane legacy bridge] StartLocalTestDuel requested: deck ativo persistido.
[Arcane legacy bridge] Restarting core with player='Deck Dragão Negro' id='shop:classic-red-eyes-black-dragon' main=40 cards=[74677422,74677422,74677422,36262024,36262024,51632798,51632798,51632798] extra=4; opponent='Deck Dragão Negro' main=40 extra=4.
[Arcane legacy bridge] Core restarted: playerMain=40, playerExtra=4, opponentMain=40, opponentExtra=4, seed=700105290A977565.
]]></output>
              </test-case>
              <test-case id="1009" name="EveryCompleteBotDeckStartsABotDuel" fullname="ArcaneDuel.Tests.PlayMode.PlayableArenaPlayModeTests.EveryCompleteBotDeckStartsABotDuel" methodname="EveryCompleteBotDeckStartsABotDuel" classname="ArcaneDuel.Tests.PlayMode.PlayableArenaPlayModeTests" runstate="Runnable" seed="843122214" result="Passed" start-time="2026-07-29 23:18:14Z" end-time="2026-07-29 23:18:16Z" duration="1.613775" asserts="0">
                <properties>
                  <property name="_JOINTYPE" value="UnityCombinatorial" />
                  <property name="retryIteration" value="0" />
                  <property name="repeatIteration" value="0" />
                </properties>
                <output><![CDATA[[Arcane legacy bridge] StartLocalTestDuel requested: deck ativo persistido.
[Arcane legacy bridge] Restarting core with player='Deck Dragão Negro' id='shop:classic-red-eyes-black-dragon' main=40 cards=[74677422,74677422,74677422,36262024,36262024,51632798,51632798,51632798] extra=4; opponent='Deck Dragão Negro' main=40 extra=4.
[Arcane legacy bridge] Core restarted: playerMain=40, playerExtra=4, opponentMain=40, opponentExtra=4, seed=BD903994D530B49E.
[Arcane legacy bridge] StartDuelAgainstBot requested: player=Deck Dragão Negro; bot=Deck Dragão Branco.
[Arcane legacy bridge] Restarting core with player='Deck Dragão Negro' id='shop:classic-red-eyes-black-dragon' main=40 cards=[74677422,74677422,74677422,36262024,36262024,51632798,51632798,51632798] extra=4; opponent='Deck Dragão Branco' main=40 extra=15.
[Arcane legacy bridge] Core restarted: playerMain=40, playerExtra=4, opponentMain=40, opponentExtra=15, seed=F9672E0797EC1F3A.
[Arcane legacy bridge] StartDuelAgainstBot requested: player=Deck Dragão Negro; bot=Deck Dragão Negro.
[Arcane legacy bridge] Restarting core with player='Deck Dragão Negro' id='shop:classic-red-eyes-black-dragon' main=40 cards=[74677422,74677422,74677422,36262024,36262024,51632798,51632798,51632798] extra=4; opponent='Deck Dragão Negro' main=40 extra=4.
[Arcane legacy bridge] Core restarted: playerMain=40, playerExtra=4, opponentMain=40, opponentExtra=4, seed=26F622F555A66537.
[Arcane legacy bridge] StartDuelAgainstBot requested: player=Deck Dragão Negro; bot=Deck Mago Negro.
[Arcane legacy bridge] Restarting core with player='Deck Dragão Negro' id='shop:classic-red-eyes-black-dragon' main=40 cards=[74677422,74677422,74677422,36262024,36262024,51632798,51632798,51632798] extra=4; opponent='Deck Mago Negro' main=50 extra=15.
[Arcane legacy bridge] Core restarted: playerMain=40, playerExtra=4, opponentMain=50, opponentExtra=15, seed=6245577A14467D08.
]]></output>
              </test-case>
              <test-case id="1008" name="ExplicitSelectedDeckSnapshotReachesCore" fullname="ArcaneDuel.Tests.PlayMode.PlayableArenaPlayModeTests.ExplicitSelectedDeckSnapshotReachesCore" methodname="ExplicitSelectedDeckSnapshotReachesCore" classname="ArcaneDuel.Tests.PlayMode.PlayableArenaPlayModeTests" runstate="Runnable" seed="453091260" result="Passed" start-time="2026-07-29 23:18:16Z" end-time="2026-07-29 23:18:16Z" duration="0.340571" asserts="0">
                <properties>
                  <property name="_JOINTYPE" value="UnityCombinatorial" />
                  <property name="retryIteration" value="0" />
                  <property name="repeatIteration" value="0" />
                </properties>
                <output><![CDATA[[Arcane legacy bridge] StartLocalTestDuel requested: deck ativo persistido.
[Arcane legacy bridge] Restarting core with player='Deck Dragão Negro' id='shop:classic-red-eyes-black-dragon' main=40 cards=[74677422,74677422,74677422,36262024,36262024,51632798,51632798,51632798] extra=4; opponent='Deck Dragão Negro' main=40 extra=4.
[Arcane legacy bridge] Core restarted: playerMain=40, playerExtra=4, opponentMain=40, opponentExtra=4, seed=AFD44BEF2C7CC82C.
[Arcane legacy bridge] StartLocalTestDuel requested: Deck Selecionado de Teste.
[Arcane legacy bridge] Restarting core with player='Deck Selecionado de Teste' id='test:selected-red-eyes' main=40 cards=[74677422,74677422,74677422,74677422,74677422,74677422,74677422,74677422] extra=0; opponent='Deck Selecionado de Teste' main=40 extra=0.
[Arcane legacy bridge] Core restarted: playerMain=40, playerExtra=0, opponentMain=40, opponentExtra=0, seed=4D9CC215AB2E8632.
]]></output>
              </test-case>
              <test-case id="1003" name="MainMenuIsTheOnlyPlayerFacingStartScene" fullname="ArcaneDuel.Tests.PlayMode.PlayableArenaPlayModeTests.MainMenuIsTheOnlyPlayerFacingStartScene" methodname="MainMenuIsTheOnlyPlayerFacingStartScene" classname="ArcaneDuel.Tests.PlayMode.PlayableArenaPlayModeTests" runstate="Runnable" seed="66059996" result="Passed" start-time="2026-07-29 23:18:16Z" end-time="2026-07-29 23:18:16Z" duration="0.172602" asserts="0">
                <properties>
                  <property name="_JOINTYPE" value="UnityCombinatorial" />
                  <property name="retryIteration" value="0" />
                  <property name="repeatIteration" value="0" />
                </properties>
              </test-case>
              <test-case id="1007" name="PlayerHandRestsInsideTheLowerResponsiveViewportStrip" fullname="ArcaneDuel.Tests.PlayMode.PlayableArenaPlayModeTests.PlayerHandRestsInsideTheLowerResponsiveViewportStrip" methodname="PlayerHandRestsInsideTheLowerResponsiveViewportStrip" classname="ArcaneDuel.Tests.PlayMode.PlayableArenaPlayModeTests" runstate="Runnable" seed="389354765" result="Passed" start-time="2026-07-29 23:18:16Z" end-time="2026-07-29 23:18:16Z" duration="0.331135" asserts="0">
                <properties>
                  <property name="_JOINTYPE" value="UnityCombinatorial" />
                  <property name="retryIteration" value="0" />
                  <property name="repeatIteration" value="0" />
                </properties>
                <output><![CDATA[[Arcane legacy bridge] StartLocalTestDuel requested: deck ativo persistido.
[Arcane legacy bridge] Restarting core with player='Deck Dragão Negro' id='shop:classic-red-eyes-black-dragon' main=40 cards=[74677422,74677422,74677422,36262024,36262024,51632798,51632798,51632798] extra=4; opponent='Deck Dragão Negro' main=40 extra=4.
[Arcane legacy bridge] Core restarted: playerMain=40, playerExtra=4, opponentMain=40, opponentExtra=4, seed=8973F69A6BCCF782.
]]></output>
              </test-case>
            </test-suite>
            <test-suite type="TestFixture" id="1010" name="ProjectBootstrapPlayModeTests" fullname="ArcaneDuel.Tests.PlayMode.ProjectBootstrapPlayModeTests" classname="ArcaneDuel.Tests.PlayMode.ProjectBootstrapPlayModeTests" runstate="Runnable" testcasecount="1" result="Passed" start-time="2026-07-29 23:18:16Z" end-time="2026-07-29 23:18:16Z" duration="0.003520" total="1" passed="1" failed="0" inconclusive="0" skipped="0" asserts="0">
              <properties />
              <test-case id="1011" name="SceneMarkerCanBeCreatedAtRuntime" fullname="ArcaneDuel.Tests.PlayMode.ProjectBootstrapPlayModeTests.SceneMarkerCanBeCreatedAtRuntime" methodname="SceneMarkerCanBeCreatedAtRuntime" classname="ArcaneDuel.Tests.PlayMode.ProjectBootstrapPlayModeTests" runstate="Runnable" seed="196228891" result="Passed" start-time="2026-07-29 23:18:16Z" end-time="2026-07-29 23:18:16Z" duration="0.001443" asserts="0">
                <properties>
                  <property name="_JOINTYPE" value="UnityCombinatorial" />
                  <property name="retryIteration" value="0" />
                  <property name="repeatIteration" value="0" />
                </properties>
                <output><![CDATA[Saving results to: C:/Users/sousa/AppData/LocalLow/Arcane Duel Team/Arcane Duel\TestResults.xml
]]></output>
              </test-case>
            </test-suite>
          </test-suite>
        </test-suite>
      </test-suite>
    </test-suite>
  </test-suite>
</test-run>