<?xml version="1.0" encoding="utf-8"?>
<test-run id="2" testcasecount="1" result="Passed" total="1" passed="1" failed="0" inconclusive="0" skipped="0" asserts="0" engine-version="3.5.0.0" clr-version="4.0.30319.42000" start-time="2026-08-03 17:49:40Z" end-time="2026-08-03 17:49:48Z" duration="7,7931455">
  <test-suite type="TestSuite" id="1064" name="Arcane Duel" fullname="Arcane Duel" runstate="Runnable" testcasecount="49" result="Passed" start-time="2026-08-03 17:49:40Z" end-time="2026-08-03 17:49:48Z" duration="7.793146" total="1" passed="1" failed="0" inconclusive="0" skipped="0" asserts="0">
    <properties>
      <property name="platform" value="PlayMode" />
    </properties>
    <test-suite type="Assembly" id="1057" name="ArcaneDuel.PlayModeTests.dll" fullname="C:/Unity Projeto/CARD12/Library/ScriptAssemblies/ArcaneDuel.PlayModeTests.dll" runstate="Runnable" testcasecount="49" result="Passed" start-time="2026-08-03 17:49:40Z" end-time="2026-08-03 17:49:48Z" duration="7.781644" total="1" passed="1" failed="0" inconclusive="0" skipped="0" asserts="0">
      <properties>
        <property name="_PID" value="4780" />
        <property name="_APPDOMAIN" value="Unity Child Domain" />
        <property name="platform" value="PlayMode" />
        <property name="EditorOnly" value="False" />
      </properties>
      <test-suite type="TestSuite" id="1058" name="ArcaneDuel" fullname="ArcaneDuel" runstate="Runnable" testcasecount="49" result="Passed" start-time="2026-08-03 17:49:40Z" end-time="2026-08-03 17:49:48Z" duration="7.771464" total="1" passed="1" failed="0" inconclusive="0" skipped="0" asserts="0">
        <properties />
        <test-suite type="TestSuite" id="1059" name="Tests" fullname="ArcaneDuel.Tests" runstate="Runnable" testcasecount="49" result="Passed" start-time="2026-08-03 17:49:40Z" end-time="2026-08-03 17:49:48Z" duration="7.754755" total="1" passed="1" failed="0" inconclusive="0" skipped="0" asserts="0">
          <properties />
          <test-suite type="TestSuite" id="1060" name="PlayMode" fullname="ArcaneDuel.Tests.PlayMode" runstate="Runnable" testcasecount="49" result="Passed" start-time="2026-08-03 17:49:40Z" end-time="2026-08-03 17:49:48Z" duration="7.737954" total="1" passed="1" failed="0" inconclusive="0" skipped="0" asserts="0">
            <properties />
            <test-suite type="TestFixture" id="1055" name="StarterDeckOnboardingPlayModeTests" fullname="ArcaneDuel.Tests.PlayMode.StarterDeckOnboardingPlayModeTests" classname="ArcaneDuel.Tests.PlayMode.StarterDeckOnboardingPlayModeTests" runstate="Runnable" testcasecount="1" result="Passed" start-time="2026-08-03 17:49:40Z" end-time="2026-08-03 17:49:48Z" duration="7.718802" total="1" passed="1" failed="0" inconclusive="0" skipped="0" asserts="0">
              <properties />
              <test-case id="1056" name="NewProfileCannotBypassSixDeckGallery" fullname="ArcaneDuel.Tests.PlayMode.StarterDeckOnboardingPlayModeTests.NewProfileCannotBypassSixDeckGallery" methodname="NewProfileCannotBypassSixDeckGallery" classname="ArcaneDuel.Tests.PlayMode.StarterDeckOnboardingPlayModeTests" runstate="Runnable" seed="1897387396" result="Passed" start-time="2026-08-03 17:49:40Z" end-time="2026-08-03 17:49:48Z" duration="7.686713" asserts="0">
                <properties>
                  <property name="_JOINTYPE" value="UnityCombinatorial" />
                  <property name="retryIteration" value="0" />
                  <property name="repeatIteration" value="0" />
                </properties>
                <output><![CDATA[Saving results to: C:/Users/Ellen Jennyffer/AppData/LocalLow/Arcane Duel Team/Arcane Duel\TestResults.xml
]]></output>
              </test-case>
            </test-suite>
          </test-suite>
        </test-suite>
      </test-suite>
    </test-suite>
  </test-suite>
</test-run>