<?xml version="1.0" encoding="utf-8"?>
<test-run id="2" testcasecount="208" result="Passed" total="208" passed="208" failed="0" inconclusive="0" skipped="0" asserts="0" engine-version="3.5.0.0" clr-version="4.0.30319.42000" start-time="2026-08-03 17:53:42Z" end-time="2026-08-03 17:55:12Z" duration="89,5563395">
  <test-suite type="TestSuite" id="1000" name="Arcane Duel" fullname="Arcane Duel" runstate="Runnable" testcasecount="208" result="Passed" start-time="2026-08-03 17:53:42Z" end-time="2026-08-03 17:55:12Z" duration="89.556340" total="208" passed="208" failed="0" inconclusive="0" skipped="0" asserts="0">
    <properties>
      <property name="platform" value="EditMode" />
    </properties>
    <test-suite type="Assembly" id="1247" name="ArcaneDuel.EditModeTests.dll" fullname="C:/Unity Projeto/CARD12/Library/ScriptAssemblies/ArcaneDuel.EditModeTests.dll" runstate="Runnable" testcasecount="208" result="Passed" start-time="2026-08-03 17:53:42Z" end-time="2026-08-03 17:55:12Z" duration="89.543193" total="208" passed="208" failed="0" inconclusive="0" skipped="0" asserts="0">
      <properties>
        <property name="_PID" value="3756" />
        <property name="_APPDOMAIN" value="Unity Child Domain" />
        <property name="platform" value="EditMode" />
        <property name="EditorOnly" value="True" />
      </properties>
      <test-suite type="TestSuite" id="1248" name="ArcaneDuel" fullname="ArcaneDuel" runstate="Runnable" testcasecount="208" result="Passed" start-time="2026-08-03 17:53:42Z" end-time="2026-08-03 17:55:12Z" duration="89.542242" total="208" passed="208" failed="0" inconclusive="0" skipped="0" asserts="0">
        <properties />
        <test-suite type="TestSuite" id="1249" name="Tests" fullname="ArcaneDuel.Tests" runstate="Runnable" testcasecount="208" result="Passed" start-time="2026-08-03 17:53:42Z" end-time="2026-08-03 17:55:12Z" duration="89.541652" total="208" passed="208" failed="0" inconclusive="0" skipped="0" asserts="0">
          <properties />
          <test-suite type="TestSuite" id="1250" name="EditMode" fullname="ArcaneDuel.Tests.EditMode" runstate="Runnable" testcasecount="208" result="Passed" start-time="2026-08-03 17:53:42Z" end-time="2026-08-03 17:55:12Z" duration="89.540755" total="208" passed="208" failed="0" inconclusive="0" skipped="0" asserts="0">
            <properties />
            <test-suite type="TestFixture" id="1001" name="BanlistEditModeTests" fullname="ArcaneDuel.Tests.EditMode.BanlistEditModeTests" classname="ArcaneDuel.Tests.EditMode.BanlistEditModeTests" runstate="Runnable" testcasecount="8" result="Passed" start-time="2026-08-03 17:53:42Z" end-time="2026-08-03 17:53:42Z" duration="0.104232" total="8" passed="8" failed="0" inconclusive="0" skipped="0" asserts="0">
              <properties />
              <test-case id="1002" name="B01_AbsentCard_AllowsThreeCopies" fullname="ArcaneDuel.Tests.EditMode.BanlistEditModeTests.B01_AbsentCard_AllowsThreeCopies" methodname="B01_AbsentCard_AllowsThreeCopies" classname="ArcaneDuel.Tests.EditMode.BanlistEditModeTests" runstate="Runnable" seed="26986564" result="Passed" start-time="2026-08-03 17:53:42Z" end-time="2026-08-03 17:53:42Z" duration="0.029944" asserts="0">
                <properties>
                  <property name="retryIteration" value="0" />
                  <property name="repeatIteration" value="0" />
                </properties>
              </test-case>
              <test-case id="1003" name="B02_ForbiddenCard_IsRejected" fullname="ArcaneDuel.Tests.EditMode.BanlistEditModeTests.B02_ForbiddenCard_IsRejected" methodname="B02_ForbiddenCard_IsRejected" classname="ArcaneDuel.Tests.EditMode.BanlistEditModeTests" runstate="Runnable" seed="106894190" result="Passed" start-time="2026-08-03 17:53:42Z" end-time="2026-08-03 17:53:42Z" duration="0.004859" asserts="0">
                <properties>
                  <property name="retryIteration" value="0" />
                  <property name="repeatIteration" value="0" />
                </properties>
              </test-case>
              <test-case id="1004" name="B03_LimitedCard_IsCombinedAcrossAllSections" fullname="ArcaneDuel.Tests.EditMode.BanlistEditModeTests.B03_LimitedCard_IsCombinedAcrossAllSections" methodname="B03_LimitedCard_IsCombinedAcrossAllSections" classname="ArcaneDuel.Tests.EditMode.BanlistEditModeTests" runstate="Runnable" seed="1412316031" result="Passed" start-time="2026-08-03 17:53:42Z" end-time="2026-08-03 17:53:42Z" duration="0.001909" asserts="0">
                <properties>
                  <property name="retryIteration" value="0" />
                  <property name="repeatIteration" value="0" />
                </properties>
              </test-case>
              <test-case id="1005" name="B04_SemiLimitedCard_RejectsThirdCopy" fullname="ArcaneDuel.Tests.EditMode.BanlistEditModeTests.B04_SemiLimitedCard_RejectsThirdCopy" methodname="B04_SemiLimitedCard_RejectsThirdCopy" classname="ArcaneDuel.Tests.EditMode.BanlistEditModeTests" runstate="Runnable" seed="598356851" result="Passed" start-time="2026-08-03 17:53:42Z" end-time="2026-08-03 17:53:42Z" duration="0.001289" asserts="0">
                <properties>
                  <property name="retryIteration" value="0" />
                  <property name="repeatIteration" value="0" />
                </properties>
              </test-case>
              <test-case id="1006" name="B05_SideDeck_LimitIsFifteen" fullname="ArcaneDuel.Tests.EditMode.BanlistEditModeTests.B05_SideDeck_LimitIsFifteen" methodname="B05_SideDeck_LimitIsFifteen" classname="ArcaneDuel.Tests.EditMode.BanlistEditModeTests" runstate="Runnable" seed="504656843" result="Passed" start-time="2026-08-03 17:53:42Z" end-time="2026-08-03 17:53:42Z" duration="0.001238" asserts="0">
                <properties>
                  <property name="retryIteration" value="0" />
                  <property name="repeatIteration" value="0" />
                </properties>
              </test-case>
              <test-case id="1007" name="B06_LeadingZeroPasscode_RemainsCanonical" fullname="ArcaneDuel.Tests.EditMode.BanlistEditModeTests.B06_LeadingZeroPasscode_RemainsCanonical" methodname="B06_LeadingZeroPasscode_RemainsCanonical" classname="ArcaneDuel.Tests.EditMode.BanlistEditModeTests" runstate="Runnable" seed="934854144" result="Passed" start-time="2026-08-03 17:53:42Z" end-time="2026-08-03 17:53:42Z" duration="0.009432" asserts="0">
                <properties>
                  <property name="retryIteration" value="0" />
                  <property name="repeatIteration" value="0" />
                </properties>
              </test-case>
              <test-case id="1008" name="B07_ActiveAsset_HasNormativeCountsAndHash" fullname="ArcaneDuel.Tests.EditMode.BanlistEditModeTests.B07_ActiveAsset_HasNormativeCountsAndHash" methodname="B07_ActiveAsset_HasNormativeCountsAndHash" classname="ArcaneDuel.Tests.EditMode.BanlistEditModeTests" runstate="Runnable" seed="2017074648" result="Passed" start-time="2026-08-03 17:53:42Z" end-time="2026-08-03 17:53:42Z" duration="0.024454" asserts="0">
                <properties>
                  <property name="retryIteration" value="0" />
                  <property name="repeatIteration" value="0" />
                </properties>
              </test-case>
              <test-case id="1009" name="ManifestHash_IsStableAcrossSectionReordering" fullname="ArcaneDuel.Tests.EditMode.BanlistEditModeTests.ManifestHash_IsStableAcrossSectionReordering" methodname="ManifestHash_IsStableAcrossSectionReordering" classname="ArcaneDuel.Tests.EditMode.BanlistEditModeTests" runstate="Runnable" seed="2055334117" result="Passed" start-time="2026-08-03 17:53:42Z" end-time="2026-08-03 17:53:42Z" duration="0.005505" asserts="0">
                <properties>
                  <property name="retryIteration" value="0" />
                  <property name="repeatIteration" value="0" />
                </properties>
              </test-case>
            </test-suite>
            <test-suite type="TestFixture" id="1010" name="CardCatalogBatchEditModeTests" fullname="ArcaneDuel.Tests.EditMode.CardCatalogBatchEditModeTests" classname="ArcaneDuel.Tests.EditMode.CardCatalogBatchEditModeTests" runstate="Runnable" testcasecount="48" result="Passed" start-time="2026-08-03 17:53:42Z" end-time="2026-08-03 17:53:48Z" duration="5.145245" total="48" passed="48" failed="0" inconclusive="0" skipped="0" asserts="0">
              <properties />
              <test-suite type="ParameterizedMethod" id="1060" name="CatalogBatchSurvivesTenTurnsThroughNativeCore" fullname="ArcaneDuel.Tests.EditMode.CardCatalogBatchEditModeTests.CatalogBatchSurvivesTenTurnsThroughNativeCore" classname="ArcaneDuel.Tests.EditMode.CardCatalogBatchEditModeTests" runstate="Runnable" testcasecount="23" result="Passed" start-time="2026-08-03 17:53:42Z" end-time="2026-08-03 17:53:46Z" duration="3.632944" total="23" passed="23" failed="0" inconclusive="0" skipped="0" asserts="0">
                <properties />
                <test-case id="1037" name="CatalogBatchSurvivesTenTurnsThroughNativeCore(0)" fullname="ArcaneDuel.Tests.EditMode.CardCatalogBatchEditModeTests.CatalogBatchSurvivesTenTurnsThroughNativeCore(0)" methodname="CatalogBatchSurvivesTenTurnsThroughNativeCore" classname="ArcaneDuel.Tests.EditMode.CardCatalogBatchEditModeTests" runstate="Runnable" seed="365313996" result="Passed" start-time="2026-08-03 17:53:42Z" end-time="2026-08-03 17:53:43Z" duration="0.286157" asserts="0">
                  <properties>
                    <property name="retryIteration" value="0" />
                    <property name="repeatIteration" value="0" />
                  </properties>
                </test-case>
                <test-case id="1038" name="CatalogBatchSurvivesTenTurnsThroughNativeCore(1)" fullname="ArcaneDuel.Tests.EditMode.CardCatalogBatchEditModeTests.CatalogBatchSurvivesTenTurnsThroughNativeCore(1)" methodname="CatalogBatchSurvivesTenTurnsThroughNativeCore" classname="ArcaneDuel.Tests.EditMode.CardCatalogBatchEditModeTests" runstate="Runnable" seed="1842326466" result="Passed" start-time="2026-08-03 17:53:43Z" end-time="2026-08-03 17:53:43Z" duration="0.150102" asserts="0">
                  <properties>
                    <property name="retryIteration" value="0" />
                    <property name="repeatIteration" value="0" />
                  </properties>
                </test-case>
                <test-case id="1039" name="CatalogBatchSurvivesTenTurnsThroughNativeCore(2)" fullname="ArcaneDuel.Tests.EditMode.CardCatalogBatchEditModeTests.CatalogBatchSurvivesTenTurnsThroughNativeCore(2)" methodname="CatalogBatchSurvivesTenTurnsThroughNativeCore" classname="ArcaneDuel.Tests.EditMode.CardCatalogBatchEditModeTests" runstate="Runnable" seed="131019077" result="Passed" start-time="2026-08-03 17:53:43Z" end-time="2026-08-03 17:53:43Z" duration="0.132523" asserts="0">
                  <properties>
                    <property name="retryIteration" value="0" />
                    <property name="repeatIteration" value="0" />
                  </properties>
                </test-case>
                <test-case id="1040" name="CatalogBatchSurvivesTenTurnsThroughNativeCore(3)" fullname="ArcaneDuel.Tests.EditMode.CardCatalogBatchEditModeTests.CatalogBatchSurvivesTenTurnsThroughNativeCore(3)" methodname="CatalogBatchSurvivesTenTurnsThroughNativeCore" classname="ArcaneDuel.Tests.EditMode.CardCatalogBatchEditModeTests" runstate="Runnable" seed="187284488" result="Passed" start-time="2026-08-03 17:53:43Z" end-time="2026-08-03 17:53:43Z" duration="0.157374" asserts="0">
                  <properties>
                    <property name="retryIteration" value="0" />
                    <property name="repeatIteration" value="0" />
                  </properties>
                </test-case>
                <test-case id="1041" name="CatalogBatchSurvivesTenTurnsThroughNativeCore(4)" fullname="ArcaneDuel.Tests.EditMode.CardCatalogBatchEditModeTests.CatalogBatchSurvivesTenTurnsThroughNativeCore(4)" methodname="CatalogBatchSurvivesTenTurnsThroughNativeCore" classname="ArcaneDuel.Tests.EditMode.CardCatalogBatchEditModeTests" runstate="Runnable" seed="88067221" result="Passed" start-time="2026-08-03 17:53:43Z" end-time="2026-08-03 17:53:43Z" duration="0.151263" asserts="0">
                  <properties>
                    <property name="retryIteration" value="0" />
                    <property name="repeatIteration" value="0" />
                  </properties>
                </test-case>
                <test-case id="1042" name="CatalogBatchSurvivesTenTurnsThroughNativeCore(5)" fullname="ArcaneDuel.Tests.EditMode.CardCatalogBatchEditModeTests.CatalogBatchSurvivesTenTurnsThroughNativeCore(5)" methodname="CatalogBatchSurvivesTenTurnsThroughNativeCore" classname="ArcaneDuel.Tests.EditMode.CardCatalogBatchEditModeTests" runstate="Runnable" seed="537144432" result="Passed" start-time="2026-08-03 17:53:43Z" end-time="2026-08-03 17:53:44Z" duration="0.210545" asserts="0">
                  <properties>
                    <property name="retryIteration" value="0" />
                    <property name="repeatIteration" value="0" />
                  </properties>
                </test-case>
                <test-case id="1043" name="CatalogBatchSurvivesTenTurnsThroughNativeCore(6)" fullname="ArcaneDuel.Tests.EditMode.CardCatalogBatchEditModeTests.CatalogBatchSurvivesTenTurnsThroughNativeCore(6)" methodname="CatalogBatchSurvivesTenTurnsThroughNativeCore" classname="ArcaneDuel.Tests.EditMode.CardCatalogBatchEditModeTests" runstate="Runnable" seed="1536788283" result="Passed" start-time="2026-08-03 17:53:44Z" end-time="2026-08-03 17:53:44Z" duration="0.260153" asserts="0">
                  <properties>
                    <property name="retryIteration" value="0" />
                    <property name="repeatIteration" value="0" />
                  </properties>
                </test-case>
                <test-case id="1044" name="CatalogBatchSurvivesTenTurnsThroughNativeCore(7)" fullname="ArcaneDuel.Tests.EditMode.CardCatalogBatchEditModeTests.CatalogBatchSurvivesTenTurnsThroughNativeCore(7)" methodname="CatalogBatchSurvivesTenTurnsThroughNativeCore" classname="ArcaneDuel.Tests.EditMode.CardCatalogBatchEditModeTests" runstate="Runnable" seed="1917336149" result="Passed" start-time="2026-08-03 17:53:44Z" end-time="2026-08-03 17:53:44Z" duration="0.262298" asserts="0">
                  <properties>
                    <property name="retryIteration" value="0" />
                    <property name="repeatIteration" value="0" />
                  </properties>
                </test-case>
                <test-case id="1045" name="CatalogBatchSurvivesTenTurnsThroughNativeCore(8)" fullname="ArcaneDuel.Tests.EditMode.CardCatalogBatchEditModeTests.CatalogBatchSurvivesTenTurnsThroughNativeCore(8)" methodname="CatalogBatchSurvivesTenTurnsThroughNativeCore" classname="ArcaneDuel.Tests.EditMode.CardCatalogBatchEditModeTests" runstate="Runnable" seed="1837286840" result="Passed" start-time="2026-08-03 17:53:44Z" end-time="2026-08-03 17:53:44Z" duration="0.185864" asserts="0">
                  <properties>
                    <property name="retryIteration" value="0" />
                    <property name="repeatIteration" value="0" />
                  </properties>
                </test-case>
                <test-case id="1046" name="CatalogBatchSurvivesTenTurnsThroughNativeCore(9)" fullname="ArcaneDuel.Tests.EditMode.CardCatalogBatchEditModeTests.CatalogBatchSurvivesTenTurnsThroughNativeCore(9)" methodname="CatalogBatchSurvivesTenTurnsThroughNativeCore" classname="ArcaneDuel.Tests.EditMode.CardCatalogBatchEditModeTests" runstate="Runnable" seed="1979974205" result="Passed" start-time="2026-08-03 17:53:44Z" end-time="2026-08-03 17:53:44Z" duration="0.149457" asserts="0">
                  <properties>
                    <property name="retryIteration" value="0" />
                    <property name="repeatIteration" value="0" />
                  </properties>
                </test-case>
                <test-case id="1047" name="CatalogBatchSurvivesTenTurnsThroughNativeCore(10)" fullname="ArcaneDuel.Tests.EditMode.CardCatalogBatchEditModeTests.CatalogBatchSurvivesTenTurnsThroughNativeCore(10)" methodname="CatalogBatchSurvivesTenTurnsThroughNativeCore" classname="ArcaneDuel.Tests.EditMode.CardCatalogBatchEditModeTests" runstate="Runnable" seed="1227834617" result="Passed" start-time="2026-08-03 17:53:44Z" end-time="2026-08-03 17:53:45Z" duration="0.136601" asserts="0">
                  <properties>
                    <property name="retryIteration" value="0" />
                    <property name="repeatIteration" value="0" />
                  </properties>
                </test-case>
                <test-case id="1048" name="CatalogBatchSurvivesTenTurnsThroughNativeCore(11)" fullname="ArcaneDuel.Tests.EditMode.CardCatalogBatchEditModeTests.CatalogBatchSurvivesTenTurnsThroughNativeCore(11)" methodname="CatalogBatchSurvivesTenTurnsThroughNativeCore" classname="ArcaneDuel.Tests.EditMode.CardCatalogBatchEditModeTests" runstate="Runnable" seed="991491432" result="Passed" start-time="2026-08-03 17:53:45Z" end-time="2026-08-03 17:53:45Z" duration="0.169467" asserts="0">
                  <properties>
                    <property name="retryIteration" value="0" />
                    <property name="repeatIteration" value="0" />
                  </properties>
                </test-case>
                <test-case id="1049" name="CatalogBatchSurvivesTenTurnsThroughNativeCore(12)" fullname="ArcaneDuel.Tests.EditMode.CardCatalogBatchEditModeTests.CatalogBatchSurvivesTenTurnsThroughNativeCore(12)" methodname="CatalogBatchSurvivesTenTurnsThroughNativeCore" classname="ArcaneDuel.Tests.EditMode.CardCatalogBatchEditModeTests" runstate="Runnable" seed="940533511" result="Passed" start-time="2026-08-03 17:53:45Z" end-time="2026-08-03 17:53:45Z" duration="0.146910" asserts="0">
                  <properties>
                    <property name="retryIteration" value="0" />
                    <property name="repeatIteration" value="0" />
                  </properties>
                </test-case>
                <test-case id="1050" name="CatalogBatchSurvivesTenTurnsThroughNativeCore(13)" fullname="ArcaneDuel.Tests.EditMode.CardCatalogBatchEditModeTests.CatalogBatchSurvivesTenTurnsThroughNativeCore(13)" methodname="CatalogBatchSurvivesTenTurnsThroughNativeCore" classname="ArcaneDuel.Tests.EditMode.CardCatalogBatchEditModeTests" runstate="Runnable" seed="650617176" result="Passed" start-time="2026-08-03 17:53:45Z" end-time="2026-08-03 17:53:45Z" duration="0.126143" asserts="0">
                  <properties>
                    <property name="retryIteration" value="0" />
                    <property name="repeatIteration" value="0" />
                  </properties>
                </test-case>
                <test-case id="1051" name="CatalogBatchSurvivesTenTurnsThroughNativeCore(14)" fullname="ArcaneDuel.Tests.EditMode.CardCatalogBatchEditModeTests.CatalogBatchSurvivesTenTurnsThroughNativeCore(14)" methodname="CatalogBatchSurvivesTenTurnsThroughNativeCore" classname="ArcaneDuel.Tests.EditMode.CardCatalogBatchEditModeTests" runstate="Runnable" seed="1156623687" result="Passed" start-time="2026-08-03 17:53:45Z" end-time="2026-08-03 17:53:45Z" duration="0.126674" asserts="0">
                  <properties>
                    <property name="retryIteration" value="0" />
                    <property name="repeatIteration" value="0" />
                  </properties>
                </test-case>
                <test-case id="1052" name="CatalogBatchSurvivesTenTurnsThroughNativeCore(15)" fullname="ArcaneDuel.Tests.EditMode.CardCatalogBatchEditModeTests.CatalogBatchSurvivesTenTurnsThroughNativeCore(15)" methodname="CatalogBatchSurvivesTenTurnsThroughNativeCore" classname="ArcaneDuel.Tests.EditMode.CardCatalogBatchEditModeTests" runstate="Runnable" seed="1484791343" result="Passed" start-time="2026-08-03 17:53:45Z" end-time="2026-08-03 17:53:45Z" duration="0.119483" asserts="0">
                  <properties>
                    <property name="retryIteration" value="0" />
                    <property name="repeatIteration" value="0" />
                  </properties>
                </test-case>
                <test-case id="1053" name="CatalogBatchSurvivesTenTurnsThroughNativeCore(16)" fullname="ArcaneDuel.Tests.EditMode.CardCatalogBatchEditModeTests.CatalogBatchSurvivesTenTurnsThroughNativeCore(16)" methodname="CatalogBatchSurvivesTenTurnsThroughNativeCore" classname="ArcaneDuel.Tests.EditMode.CardCatalogBatchEditModeTests" runstate="Runnable" seed="802158930" result="Passed" start-time="2026-08-03 17:53:45Z" end-time="2026-08-03 17:53:45Z" duration="0.115552" asserts="0">
                  <properties>
                    <property name="retryIteration" value="0" />
                    <property name="repeatIteration" value="0" />
                  </properties>
                </test-case>
                <test-case id="1054" name="CatalogBatchSurvivesTenTurnsThroughNativeCore(17)" fullname="ArcaneDuel.Tests.EditMode.CardCatalogBatchEditModeTests.CatalogBatchSurvivesTenTurnsThroughNativeCore(17)" methodname="CatalogBatchSurvivesTenTurnsThroughNativeCore" classname="ArcaneDuel.Tests.EditMode.CardCatalogBatchEditModeTests" runstate="Runnable" seed="2035500461" result="Passed" start-time="2026-08-03 17:53:45Z" end-time="2026-08-03 17:53:45Z" duration="0.118656" asserts="0">
                  <properties>
                    <property name="retryIteration" value="0" />
                    <property name="repeatIteration" value="0" />
                  </properties>
                </test-case>
                <test-case id="1055" name="CatalogBatchSurvivesTenTurnsThroughNativeCore(18)" fullname="ArcaneDuel.Tests.EditMode.CardCatalogBatchEditModeTests.CatalogBatchSurvivesTenTurnsThroughNativeCore(18)" methodname="CatalogBatchSurvivesTenTurnsThroughNativeCore" classname="ArcaneDuel.Tests.EditMode.CardCatalogBatchEditModeTests" runstate="Runnable" seed="2123003472" result="Passed" start-time="2026-08-03 17:53:45Z" end-time="2026-08-03 17:53:46Z" duration="0.149535" asserts="0">
                  <properties>
                    <property name="retryIteration" value="0" />
                    <property name="repeatIteration" value="0" />
                  </properties>
                </test-case>
                <test-case id="1056" name="CatalogBatchSurvivesTenTurnsThroughNativeCore(19)" fullname="ArcaneDuel.Tests.EditMode.CardCatalogBatchEditModeTests.CatalogBatchSurvivesTenTurnsThroughNativeCore(19)" methodname="CatalogBatchSurvivesTenTurnsThroughNativeCore" classname="ArcaneDuel.Tests.EditMode.CardCatalogBatchEditModeTests" runstate="Runnable" seed="949544469" result="Passed" start-time="2026-08-03 17:53:46Z" end-time="2026-08-03 17:53:46Z" duration="0.110661" asserts="0">
                  <properties>
                    <property name="retryIteration" value="0" />
                    <property name="repeatIteration" value="0" />
                  </properties>
                </test-case>
                <test-case id="1057" name="CatalogBatchSurvivesTenTurnsThroughNativeCore(20)" fullname="ArcaneDuel.Tests.EditMode.CardCatalogBatchEditModeTests.CatalogBatchSurvivesTenTurnsThroughNativeCore(20)" methodname="CatalogBatchSurvivesTenTurnsThroughNativeCore" classname="ArcaneDuel.Tests.EditMode.CardCatalogBatchEditModeTests" runstate="Runnable" seed="146316289" result="Passed" start-time="2026-08-03 17:53:46Z" end-time="2026-08-03 17:53:46Z" duration="0.112763" asserts="0">
                  <properties>
                    <property name="retryIteration" value="0" />
                    <property name="repeatIteration" value="0" />
                  </properties>
                </test-case>
                <test-case id="1058" name="CatalogBatchSurvivesTenTurnsThroughNativeCore(21)" fullname="ArcaneDuel.Tests.EditMode.CardCatalogBatchEditModeTests.CatalogBatchSurvivesTenTurnsThroughNativeCore(21)" methodname="CatalogBatchSurvivesTenTurnsThroughNativeCore" classname="ArcaneDuel.Tests.EditMode.CardCatalogBatchEditModeTests" runstate="Runnable" seed="1610902001" result="Passed" start-time="2026-08-03 17:53:46Z" end-time="2026-08-03 17:53:46Z" duration="0.125794" asserts="0">
                  <properties>
                    <property name="retryIteration" value="0" />
                    <property name="repeatIteration" value="0" />
                  </properties>
                </test-case>
                <test-case id="1059" name="CatalogBatchSurvivesTenTurnsThroughNativeCore(22)" fullname="ArcaneDuel.Tests.EditMode.CardCatalogBatchEditModeTests.CatalogBatchSurvivesTenTurnsThroughNativeCore(22)" methodname="CatalogBatchSurvivesTenTurnsThroughNativeCore" classname="ArcaneDuel.Tests.EditMode.CardCatalogBatchEditModeTests" runstate="Runnable" seed="198349530" result="Passed" start-time="2026-08-03 17:53:46Z" end-time="2026-08-03 17:53:46Z" duration="0.122773" asserts="0">
                  <properties>
                    <property name="retryIteration" value="0" />
                    <property name="repeatIteration" value="0" />
                  </properties>
                </test-case>
              </test-suite>
              <test-case id="1036" name="EveryCompiledCoreCardRegistersWithNativeCoreLifecycle" fullname="ArcaneDuel.Tests.EditMode.CardCatalogBatchEditModeTests.EveryCompiledCoreCardRegistersWithNativeCoreLifecycle" methodname="EveryCompiledCoreCardRegistersWithNativeCoreLifecycle" classname="ArcaneDuel.Tests.EditMode.CardCatalogBatchEditModeTests" runstate="Runnable" seed="1854538272" result="Passed" start-time="2026-08-03 17:53:46Z" end-time="2026-08-03 17:53:47Z" duration="0.920415" asserts="0">
                <properties>
                  <property name="retryIteration" value="0" />
                  <property name="repeatIteration" value="0" />
                </properties>
              </test-case>
              <test-suite type="ParameterizedMethod" id="1034" name="ImportedBatchHasDataArtAndResolvedScripts" fullname="ArcaneDuel.Tests.EditMode.CardCatalogBatchEditModeTests.ImportedBatchHasDataArtAndResolvedScripts" classname="ArcaneDuel.Tests.EditMode.CardCatalogBatchEditModeTests" runstate="Runnable" testcasecount="23" result="Passed" start-time="2026-08-03 17:53:47Z" end-time="2026-08-03 17:53:48Z" duration="0.579737" total="23" passed="23" failed="0" inconclusive="0" skipped="0" asserts="0">
                <properties />
                <test-case id="1011" name="ImportedBatchHasDataArtAndResolvedScripts(0)" fullname="ArcaneDuel.Tests.EditMode.CardCatalogBatchEditModeTests.ImportedBatchHasDataArtAndResolvedScripts(0)" methodname="ImportedBatchHasDataArtAndResolvedScripts" classname="ArcaneDuel.Tests.EditMode.CardCatalogBatchEditModeTests" runstate="Runnable" seed="1199407096" result="Passed" start-time="2026-08-03 17:53:47Z" end-time="2026-08-03 17:53:47Z" duration="0.027313" asserts="0">
                  <properties>
                    <property name="retryIteration" value="0" />
                    <property name="repeatIteration" value="0" />
                  </properties>
                </test-case>
                <test-case id="1012" name="ImportedBatchHasDataArtAndResolvedScripts(1)" fullname="ArcaneDuel.Tests.EditMode.CardCatalogBatchEditModeTests.ImportedBatchHasDataArtAndResolvedScripts(1)" methodname="ImportedBatchHasDataArtAndResolvedScripts" classname="ArcaneDuel.Tests.EditMode.CardCatalogBatchEditModeTests" runstate="Runnable" seed="1970667909" result="Passed" start-time="2026-08-03 17:53:47Z" end-time="2026-08-03 17:53:47Z" duration="0.022840" asserts="0">
                  <properties>
                    <property name="retryIteration" value="0" />
                    <property name="repeatIteration" value="0" />
                  </properties>
                </test-case>
                <test-case id="1013" name="ImportedBatchHasDataArtAndResolvedScripts(2)" fullname="ArcaneDuel.Tests.EditMode.CardCatalogBatchEditModeTests.ImportedBatchHasDataArtAndResolvedScripts(2)" methodname="ImportedBatchHasDataArtAndResolvedScripts" classname="ArcaneDuel.Tests.EditMode.CardCatalogBatchEditModeTests" runstate="Runnable" seed="1021225763" result="Passed" start-time="2026-08-03 17:53:47Z" end-time="2026-08-03 17:53:47Z" duration="0.047466" asserts="0">
                  <properties>
                    <property name="retryIteration" value="0" />
                    <property name="repeatIteration" value="0" />
                  </properties>
                </test-case>
                <test-case id="1014" name="ImportedBatchHasDataArtAndResolvedScripts(3)" fullname="ArcaneDuel.Tests.EditMode.CardCatalogBatchEditModeTests.ImportedBatchHasDataArtAndResolvedScripts(3)" methodname="ImportedBatchHasDataArtAndResolvedScripts" classname="ArcaneDuel.Tests.EditMode.CardCatalogBatchEditModeTests" runstate="Runnable" seed="1307409522" result="Passed" start-time="2026-08-03 17:53:47Z" end-time="2026-08-03 17:53:47Z" duration="0.021710" asserts="0">
                  <properties>
                    <property name="retryIteration" value="0" />
                    <property name="repeatIteration" value="0" />
                  </properties>
                </test-case>
                <test-case id="1015" name="ImportedBatchHasDataArtAndResolvedScripts(4)" fullname="ArcaneDuel.Tests.EditMode.CardCatalogBatchEditModeTests.ImportedBatchHasDataArtAndResolvedScripts(4)" methodname="ImportedBatchHasDataArtAndResolvedScripts" classname="ArcaneDuel.Tests.EditMode.CardCatalogBatchEditModeTests" runstate="Runnable" seed="1338083085" result="Passed" start-time="2026-08-03 17:53:47Z" end-time="2026-08-03 17:53:47Z" duration="0.021281" asserts="0">
                  <properties>
                    <property name="retryIteration" value="0" />
                    <property name="repeatIteration" value="0" />
                  </properties>
                </test-case>
                <test-case id="1016" name="ImportedBatchHasDataArtAndResolvedScripts(5)" fullname="ArcaneDuel.Tests.EditMode.CardCatalogBatchEditModeTests.ImportedBatchHasDataArtAndResolvedScripts(5)" methodname="ImportedBatchHasDataArtAndResolvedScripts" classname="ArcaneDuel.Tests.EditMode.CardCatalogBatchEditModeTests" runstate="Runnable" seed="146916240" result="Passed" start-time="2026-08-03 17:53:47Z" end-time="2026-08-03 17:53:47Z" duration="0.023828" asserts="0">
                  <properties>
                    <property name="retryIteration" value="0" />
                    <property name="repeatIteration" value="0" />
                  </properties>
                </test-case>
                <test-case id="1017" name="ImportedBatchHasDataArtAndResolvedScripts(6)" fullname="ArcaneDuel.Tests.EditMode.CardCatalogBatchEditModeTests.ImportedBatchHasDataArtAndResolvedScripts(6)" methodname="ImportedBatchHasDataArtAndResolvedScripts" classname="ArcaneDuel.Tests.EditMode.CardCatalogBatchEditModeTests" runstate="Runnable" seed="674913698" result="Passed" start-time="2026-08-03 17:53:47Z" end-time="2026-08-03 17:53:47Z" duration="0.023213" asserts="0">
                  <properties>
                    <property name="retryIteration" value="0" />
                    <property name="repeatIteration" value="0" />
                  </properties>
                </test-case>
                <test-case id="1018" name="ImportedBatchHasDataArtAndResolvedScripts(7)" fullname="ArcaneDuel.Tests.EditMode.CardCatalogBatchEditModeTests.ImportedBatchHasDataArtAndResolvedScripts(7)" methodname="ImportedBatchHasDataArtAndResolvedScripts" classname="ArcaneDuel.Tests.EditMode.CardCatalogBatchEditModeTests" runstate="Runnable" seed="1208701806" result="Passed" start-time="2026-08-03 17:53:47Z" end-time="2026-08-03 17:53:47Z" duration="0.022054" asserts="0">
                  <properties>
                    <property name="retryIteration" value="0" />
                    <property name="repeatIteration" value="0" />
                  </properties>
                </test-case>
                <test-case id="1019" name="ImportedBatchHasDataArtAndResolvedScripts(8)" fullname="ArcaneDuel.Tests.EditMode.CardCatalogBatchEditModeTests.ImportedBatchHasDataArtAndResolvedScripts(8)" methodname="ImportedBatchHasDataArtAndResolvedScripts" classname="ArcaneDuel.Tests.EditMode.CardCatalogBatchEditModeTests" runstate="Runnable" seed="1461462198" result="Passed" start-time="2026-08-03 17:53:47Z" end-time="2026-08-03 17:53:47Z" duration="0.022300" asserts="0">
                  <properties>
                    <property name="retryIteration" value="0" />
                    <property name="repeatIteration" value="0" />
                  </properties>
                </test-case>
                <test-case id="1020" name="ImportedBatchHasDataArtAndResolvedScripts(9)" fullname="ArcaneDuel.Tests.EditMode.CardCatalogBatchEditModeTests.ImportedBatchHasDataArtAndResolvedScripts(9)" methodname="ImportedBatchHasDataArtAndResolvedScripts" classname="ArcaneDuel.Tests.EditMode.CardCatalogBatchEditModeTests" runstate="Runnable" seed="1502958258" result="Passed" start-time="2026-08-03 17:53:47Z" end-time="2026-08-03 17:53:47Z" duration="0.021513" asserts="0">
                  <properties>
                    <property name="retryIteration" value="0" />
                    <property name="repeatIteration" value="0" />
                  </properties>
                </test-case>
                <test-case id="1021" name="ImportedBatchHasDataArtAndResolvedScripts(10)" fullname="ArcaneDuel.Tests.EditMode.CardCatalogBatchEditModeTests.ImportedBatchHasDataArtAndResolvedScripts(10)" methodname="ImportedBatchHasDataArtAndResolvedScripts" classname="ArcaneDuel.Tests.EditMode.CardCatalogBatchEditModeTests" runstate="Runnable" seed="291408333" result="Passed" start-time="2026-08-03 17:53:47Z" end-time="2026-08-03 17:53:47Z" duration="0.023144" asserts="0">
                  <properties>
                    <property name="retryIteration" value="0" />
                    <property name="repeatIteration" value="0" />
                  </properties>
                </test-case>
                <test-case id="1022" name="ImportedBatchHasDataArtAndResolvedScripts(11)" fullname="ArcaneDuel.Tests.EditMode.CardCatalogBatchEditModeTests.ImportedBatchHasDataArtAndResolvedScripts(11)" methodname="ImportedBatchHasDataArtAndResolvedScripts" classname="ArcaneDuel.Tests.EditMode.CardCatalogBatchEditModeTests" runstate="Runnable" seed="1614022361" result="Passed" start-time="2026-08-03 17:53:47Z" end-time="2026-08-03 17:53:47Z" duration="0.021262" asserts="0">
                  <properties>
                    <property name="retryIteration" value="0" />
                    <property name="repeatIteration" value="0" />
                  </properties>
                </test-case>
                <test-case id="1023" name="ImportedBatchHasDataArtAndResolvedScripts(12)" fullname="ArcaneDuel.Tests.EditMode.CardCatalogBatchEditModeTests.ImportedBatchHasDataArtAndResolvedScripts(12)" methodname="ImportedBatchHasDataArtAndResolvedScripts" classname="ArcaneDuel.Tests.EditMode.CardCatalogBatchEditModeTests" runstate="Runnable" seed="762418196" result="Passed" start-time="2026-08-03 17:53:47Z" end-time="2026-08-03 17:53:47Z" duration="0.021725" asserts="0">
                  <properties>
                    <property name="retryIteration" value="0" />
                    <property name="repeatIteration" value="0" />
                  </properties>
                </test-case>
                <test-case id="1024" name="ImportedBatchHasDataArtAndResolvedScripts(13)" fullname="ArcaneDuel.Tests.EditMode.CardCatalogBatchEditModeTests.ImportedBatchHasDataArtAndResolvedScripts(13)" methodname="ImportedBatchHasDataArtAndResolvedScripts" classname="ArcaneDuel.Tests.EditMode.CardCatalogBatchEditModeTests" runstate="Runnable" seed="2091878851" result="Passed" start-time="2026-08-03 17:53:47Z" end-time="2026-08-03 17:53:47Z" duration="0.023366" asserts="0">
                  <properties>
                    <property name="retryIteration" value="0" />
                    <property name="repeatIteration" value="0" />
                  </properties>
                </test-case>
                <test-case id="1025" name="ImportedBatchHasDataArtAndResolvedScripts(14)" fullname="ArcaneDuel.Tests.EditMode.CardCatalogBatchEditModeTests.ImportedBatchHasDataArtAndResolvedScripts(14)" methodname="ImportedBatchHasDataArtAndResolvedScripts" classname="ArcaneDuel.Tests.EditMode.CardCatalogBatchEditModeTests" runstate="Runnable" seed="1253504669" result="Passed" start-time="2026-08-03 17:53:47Z" end-time="2026-08-03 17:53:47Z" duration="0.021963" asserts="0">
                  <properties>
                    <property name="retryIteration" value="0" />
                    <property name="repeatIteration" value="0" />
                  </properties>
                </test-case>
                <test-case id="1026" name="ImportedBatchHasDataArtAndResolvedScripts(15)" fullname="ArcaneDuel.Tests.EditMode.CardCatalogBatchEditModeTests.ImportedBatchHasDataArtAndResolvedScripts(15)" methodname="ImportedBatchHasDataArtAndResolvedScripts" classname="ArcaneDuel.Tests.EditMode.CardCatalogBatchEditModeTests" runstate="Runnable" seed="729498417" result="Passed" start-time="2026-08-03 17:53:47Z" end-time="2026-08-03 17:53:47Z" duration="0.022909" asserts="0">
                  <properties>
                    <property name="retryIteration" value="0" />
                    <property name="repeatIteration" value="0" />
                  </properties>
                </test-case>
                <test-case id="1027" name="ImportedBatchHasDataArtAndResolvedScripts(16)" fullname="ArcaneDuel.Tests.EditMode.CardCatalogBatchEditModeTests.ImportedBatchHasDataArtAndResolvedScripts(16)" methodname="ImportedBatchHasDataArtAndResolvedScripts" classname="ArcaneDuel.Tests.EditMode.CardCatalogBatchEditModeTests" runstate="Runnable" seed="2071439428" result="Passed" start-time="2026-08-03 17:53:47Z" end-time="2026-08-03 17:53:47Z" duration="0.023606" asserts="0">
                  <properties>
                    <property name="retryIteration" value="0" />
                    <property name="repeatIteration" value="0" />
                  </properties>
                </test-case>
                <test-case id="1028" name="ImportedBatchHasDataArtAndResolvedScripts(17)" fullname="ArcaneDuel.Tests.EditMode.CardCatalogBatchEditModeTests.ImportedBatchHasDataArtAndResolvedScripts(17)" methodname="ImportedBatchHasDataArtAndResolvedScripts" classname="ArcaneDuel.Tests.EditMode.CardCatalogBatchEditModeTests" runstate="Runnable" seed="517901547" result="Passed" start-time="2026-08-03 17:53:47Z" end-time="2026-08-03 17:53:47Z" duration="0.021808" asserts="0">
                  <properties>
                    <property name="retryIteration" value="0" />
                    <property name="repeatIteration" value="0" />
                  </properties>
                </test-case>
                <test-case id="1029" name="ImportedBatchHasDataArtAndResolvedScripts(18)" fullname="ArcaneDuel.Tests.EditMode.CardCatalogBatchEditModeTests.ImportedBatchHasDataArtAndResolvedScripts(18)" methodname="ImportedBatchHasDataArtAndResolvedScripts" classname="ArcaneDuel.Tests.EditMode.CardCatalogBatchEditModeTests" runstate="Runnable" seed="170304349" result="Passed" start-time="2026-08-03 17:53:47Z" end-time="2026-08-03 17:53:47Z" duration="0.045907" asserts="0">
                  <properties>
                    <property name="retryIteration" value="0" />
                    <property name="repeatIteration" value="0" />
                  </properties>
                </test-case>
                <test-case id="1030" name="ImportedBatchHasDataArtAndResolvedScripts(19)" fullname="ArcaneDuel.Tests.EditMode.CardCatalogBatchEditModeTests.ImportedBatchHasDataArtAndResolvedScripts(19)" methodname="ImportedBatchHasDataArtAndResolvedScripts" classname="ArcaneDuel.Tests.EditMode.CardCatalogBatchEditModeTests" runstate="Runnable" seed="1793733322" result="Passed" start-time="2026-08-03 17:53:47Z" end-time="2026-08-03 17:53:47Z" duration="0.020868" asserts="0">
                  <properties>
                    <property name="retryIteration" value="0" />
                    <property name="repeatIteration" value="0" />
                  </properties>
                </test-case>
                <test-case id="1031" name="ImportedBatchHasDataArtAndResolvedScripts(20)" fullname="ArcaneDuel.Tests.EditMode.CardCatalogBatchEditModeTests.ImportedBatchHasDataArtAndResolvedScripts(20)" methodname="ImportedBatchHasDataArtAndResolvedScripts" classname="ArcaneDuel.Tests.EditMode.CardCatalogBatchEditModeTests" runstate="Runnable" seed="746804681" result="Passed" start-time="2026-08-03 17:53:47Z" end-time="2026-08-03 17:53:48Z" duration="0.021427" asserts="0">
                  <properties>
                    <property name="retryIteration" value="0" />
                    <property name="repeatIteration" value="0" />
                  </properties>
                </test-case>
                <test-case id="1032" name="ImportedBatchHasDataArtAndResolvedScripts(21)" fullname="ArcaneDuel.Tests.EditMode.CardCatalogBatchEditModeTests.ImportedBatchHasDataArtAndResolvedScripts(21)" methodname="ImportedBatchHasDataArtAndResolvedScripts" classname="ArcaneDuel.Tests.EditMode.CardCatalogBatchEditModeTests" runstate="Runnable" seed="350429611" result="Passed" start-time="2026-08-03 17:53:48Z" end-time="2026-08-03 17:53:48Z" duration="0.022562" asserts="0">
                  <properties>
                    <property name="retryIteration" value="0" />
                    <property name="repeatIteration" value="0" />
                  </properties>
                </test-case>
                <test-case id="1033" name="ImportedBatchHasDataArtAndResolvedScripts(22)" fullname="ArcaneDuel.Tests.EditMode.CardCatalogBatchEditModeTests.ImportedBatchHasDataArtAndResolvedScripts(22)" methodname="ImportedBatchHasDataArtAndResolvedScripts" classname="ArcaneDuel.Tests.EditMode.CardCatalogBatchEditModeTests" runstate="Runnable" seed="563831071" result="Passed" start-time="2026-08-03 17:53:48Z" end-time="2026-08-03 17:53:48Z" duration="0.022467" asserts="0">
                  <properties>
                    <property name="retryIteration" value="0" />
                    <property name="repeatIteration" value="0" />
                  </properties>
                </test-case>
              </test-suite>
              <test-case id="1035" name="PresentationCatalogHasUniqueEntriesAndNoRuleMethods" fullname="ArcaneDuel.Tests.EditMode.CardCatalogBatchEditModeTests.PresentationCatalogHasUniqueEntriesAndNoRuleMethods" methodname="PresentationCatalogHasUniqueEntriesAndNoRuleMethods" classname="ArcaneDuel.Tests.EditMode.CardCatalogBatchEditModeTests" runstate="Runnable" seed="2110044817" result="Passed" start-time="2026-08-03 17:53:48Z" end-time="2026-08-03 17:53:48Z" duration="0.009492" asserts="0">
                <properties>
                  <property name="retryIteration" value="0" />
                  <property name="repeatIteration" value="0" />
                </properties>
              </test-case>
            </test-suite>
            <test-suite type="TestFixture" id="1061" name="CardDatabaseEditModeTests" fullname="ArcaneDuel.Tests.EditMode.CardDatabaseEditModeTests" classname="ArcaneDuel.Tests.EditMode.CardDatabaseEditModeTests" runstate="Runnable" testcasecount="1" result="Passed" start-time="2026-08-03 17:53:48Z" end-time="2026-08-03 17:53:48Z" duration="0.015971" total="1" passed="1" failed="0" inconclusive="0" skipped="0" asserts="0">
              <properties />
              <test-case id="1062" name="CompiledCatalogContainsAuthoredCardsAndAllCoreAliases" fullname="ArcaneDuel.Tests.EditMode.CardDatabaseEditModeTests.CompiledCatalogContainsAuthoredCardsAndAllCoreAliases" methodname="CompiledCatalogContainsAuthoredCardsAndAllCoreAliases" classname="ArcaneDuel.Tests.EditMode.CardDatabaseEditModeTests" runstate="Runnable" seed="818948737" result="Passed" start-time="2026-08-03 17:53:48Z" end-time="2026-08-03 17:53:48Z" duration="0.014786" asserts="0">
                <properties>
                  <property name="retryIteration" value="0" />
                  <property name="repeatIteration" value="0" />
                </properties>
              </test-case>
            </test-suite>
            <test-suite type="TestFixture" id="1063" name="CoinRewardAuthorizationEditModeTests" fullname="ArcaneDuel.Tests.EditMode.CoinRewardAuthorizationEditModeTests" classname="ArcaneDuel.Tests.EditMode.CoinRewardAuthorizationEditModeTests" runstate="Runnable" testcasecount="9" result="Passed" start-time="2026-08-03 17:53:48Z" end-time="2026-08-03 17:53:50Z" duration="1.929654" total="9" passed="9" failed="0" inconclusive="0" skipped="0" asserts="0">
              <properties />
              <test-case id="1067" name="BindingCopiedToAnotherInstallIsBlocked" fullname="ArcaneDuel.Tests.EditMode.CoinRewardAuthorizationEditModeTests.BindingCopiedToAnotherInstallIsBlocked" methodname="BindingCopiedToAnotherInstallIsBlocked" classname="ArcaneDuel.Tests.EditMode.CoinRewardAuthorizationEditModeTests" runstate="Runnable" seed="540708810" result="Passed" start-time="2026-08-03 17:53:48Z" end-time="2026-08-03 17:53:48Z" duration="0.061390" asserts="0">
                <properties>
                  <property name="retryIteration" value="0" />
                  <property name="repeatIteration" value="0" />
                </properties>
              </test-case>
              <test-case id="1066" name="BindingSurvivesNicknameChangeAndReload" fullname="ArcaneDuel.Tests.EditMode.CoinRewardAuthorizationEditModeTests.BindingSurvivesNicknameChangeAndReload" methodname="BindingSurvivesNicknameChangeAndReload" classname="ArcaneDuel.Tests.EditMode.CoinRewardAuthorizationEditModeTests" runstate="Runnable" seed="1372971673" result="Passed" start-time="2026-08-03 17:53:48Z" end-time="2026-08-03 17:53:48Z" duration="0.045924" asserts="0">
                <properties>
                  <property name="retryIteration" value="0" />
                  <property name="repeatIteration" value="0" />
                </properties>
              </test-case>
              <test-case id="1065" name="CatalogContainsTheFiveRequestedActiveNicknames" fullname="ArcaneDuel.Tests.EditMode.CoinRewardAuthorizationEditModeTests.CatalogContainsTheFiveRequestedActiveNicknames" methodname="CatalogContainsTheFiveRequestedActiveNicknames" classname="ArcaneDuel.Tests.EditMode.CoinRewardAuthorizationEditModeTests" runstate="Runnable" seed="1517436350" result="Passed" start-time="2026-08-03 17:53:48Z" end-time="2026-08-03 17:53:48Z" duration="0.003514" asserts="0">
                <properties>
                  <property name="retryIteration" value="0" />
                  <property name="repeatIteration" value="0" />
                </properties>
              </test-case>
              <test-case id="1069" name="DisabledEntryCannotCreateANewBinding" fullname="ArcaneDuel.Tests.EditMode.CoinRewardAuthorizationEditModeTests.DisabledEntryCannotCreateANewBinding" methodname="DisabledEntryCannotCreateANewBinding" classname="ArcaneDuel.Tests.EditMode.CoinRewardAuthorizationEditModeTests" runstate="Runnable" seed="1955961183" result="Passed" start-time="2026-08-03 17:53:48Z" end-time="2026-08-03 17:53:48Z" duration="0.010471" asserts="0">
                <properties>
                  <property name="retryIteration" value="0" />
                  <property name="repeatIteration" value="0" />
                </properties>
              </test-case>
              <test-case id="1068" name="DisabledPreservesOldBindingAndRevokedBlocksIt" fullname="ArcaneDuel.Tests.EditMode.CoinRewardAuthorizationEditModeTests.DisabledPreservesOldBindingAndRevokedBlocksIt" methodname="DisabledPreservesOldBindingAndRevokedBlocksIt" classname="ArcaneDuel.Tests.EditMode.CoinRewardAuthorizationEditModeTests" runstate="Runnable" seed="682190540" result="Passed" start-time="2026-08-03 17:53:48Z" end-time="2026-08-03 17:53:48Z" duration="0.046970" asserts="0">
                <properties>
                  <property name="retryIteration" value="0" />
                  <property name="repeatIteration" value="0" />
                </properties>
              </test-case>
              <test-case id="1072" name="EconomyBuildValidatorAcceptsCatalogAndSceneReferences" fullname="ArcaneDuel.Tests.EditMode.CoinRewardAuthorizationEditModeTests.EconomyBuildValidatorAcceptsCatalogAndSceneReferences" methodname="EconomyBuildValidatorAcceptsCatalogAndSceneReferences" classname="ArcaneDuel.Tests.EditMode.CoinRewardAuthorizationEditModeTests" runstate="Runnable" seed="1339779727" result="Passed" start-time="2026-08-03 17:53:48Z" end-time="2026-08-03 17:53:49Z" duration="1.655571" asserts="0">
                <properties>
                  <property name="retryIteration" value="0" />
                  <property name="repeatIteration" value="0" />
                </properties>
              </test-case>
              <test-case id="1064" name="NicknameNormalizationMatchesSpecification" fullname="ArcaneDuel.Tests.EditMode.CoinRewardAuthorizationEditModeTests.NicknameNormalizationMatchesSpecification" methodname="NicknameNormalizationMatchesSpecification" classname="ArcaneDuel.Tests.EditMode.CoinRewardAuthorizationEditModeTests" runstate="Runnable" seed="126261441" result="Passed" start-time="2026-08-03 17:53:49Z" end-time="2026-08-03 17:53:49Z" duration="0.005727" asserts="0">
                <properties>
                  <property name="retryIteration" value="0" />
                  <property name="repeatIteration" value="0" />
                </properties>
              </test-case>
              <test-case id="1070" name="RevocationAfterMatchStartBlocksTheFinalClaim" fullname="ArcaneDuel.Tests.EditMode.CoinRewardAuthorizationEditModeTests.RevocationAfterMatchStartBlocksTheFinalClaim" methodname="RevocationAfterMatchStartBlocksTheFinalClaim" classname="ArcaneDuel.Tests.EditMode.CoinRewardAuthorizationEditModeTests" runstate="Runnable" seed="1305579024" result="Passed" start-time="2026-08-03 17:53:49Z" end-time="2026-08-03 17:53:49Z" duration="0.079627" asserts="0">
                <properties>
                  <property name="retryIteration" value="0" />
                  <property name="repeatIteration" value="0" />
                </properties>
              </test-case>
              <test-case id="1071" name="SchemaFourMigrationPreservesEconomyAndStartsUnbound" fullname="ArcaneDuel.Tests.EditMode.CoinRewardAuthorizationEditModeTests.SchemaFourMigrationPreservesEconomyAndStartsUnbound" methodname="SchemaFourMigrationPreservesEconomyAndStartsUnbound" classname="ArcaneDuel.Tests.EditMode.CoinRewardAuthorizationEditModeTests" runstate="Runnable" seed="1056088835" result="Passed" start-time="2026-08-03 17:53:49Z" end-time="2026-08-03 17:53:50Z" duration="0.017212" asserts="0">
                <properties>
                  <property name="retryIteration" value="0" />
                  <property name="repeatIteration" value="0" />
                </properties>
              </test-case>
            </test-suite>
            <test-suite type="TestFixture" id="1073" name="CoreProtocolEditModeTests" fullname="ArcaneDuel.Tests.EditMode.CoreProtocolEditModeTests" classname="ArcaneDuel.Tests.EditMode.CoreProtocolEditModeTests" runstate="Runnable" testcasecount="25" result="Passed" start-time="2026-08-03 17:53:50Z" end-time="2026-08-03 17:53:50Z" duration="0.062595" total="25" passed="25" failed="0" inconclusive="0" skipped="0" asserts="0">
              <properties />
              <test-case id="1092" name="AnnounceAndSortPromptsProduceNativeWidthResponses" fullname="ArcaneDuel.Tests.EditMode.CoreProtocolEditModeTests.AnnounceAndSortPromptsProduceNativeWidthResponses" methodname="AnnounceAndSortPromptsProduceNativeWidthResponses" classname="ArcaneDuel.Tests.EditMode.CoreProtocolEditModeTests" runstate="Runnable" seed="2122869175" result="Passed" start-time="2026-08-03 17:53:50Z" end-time="2026-08-03 17:53:50Z" duration="0.010005" asserts="0">
                <properties>
                  <property name="retryIteration" value="0" />
                  <property name="repeatIteration" value="0" />
                </properties>
              </test-case>
              <test-case id="1093" name="AnnounceCardProducesSelectableNativeCardCodes" fullname="ArcaneDuel.Tests.EditMode.CoreProtocolEditModeTests.AnnounceCardProducesSelectableNativeCardCodes" methodname="AnnounceCardProducesSelectableNativeCardCodes" classname="ArcaneDuel.Tests.EditMode.CoreProtocolEditModeTests" runstate="Runnable" seed="1110157177" result="Passed" start-time="2026-08-03 17:53:50Z" end-time="2026-08-03 17:53:50Z" duration="0.010204" asserts="0">
                <properties>
                  <property name="retryIteration" value="0" />
                  <property name="repeatIteration" value="0" />
                </properties>
              </test-case>
              <test-case id="1084" name="ChainWithARealResponseStillRequiresThePlayer" fullname="ArcaneDuel.Tests.EditMode.CoreProtocolEditModeTests.ChainWithARealResponseStillRequiresThePlayer" methodname="ChainWithARealResponseStillRequiresThePlayer" classname="ArcaneDuel.Tests.EditMode.CoreProtocolEditModeTests" runstate="Runnable" seed="1543234878" result="Passed" start-time="2026-08-03 17:53:50Z" end-time="2026-08-03 17:53:50Z" duration="0.001878" asserts="0">
                <properties>
                  <property name="retryIteration" value="0" />
                  <property name="repeatIteration" value="0" />
                </properties>
              </test-case>
              <test-case id="1075" name="DecoderPreservesAttackSourceAndTargetForPresentation" fullname="ArcaneDuel.Tests.EditMode.CoreProtocolEditModeTests.DecoderPreservesAttackSourceAndTargetForPresentation" methodname="DecoderPreservesAttackSourceAndTargetForPresentation" classname="ArcaneDuel.Tests.EditMode.CoreProtocolEditModeTests" runstate="Runnable" seed="1549392458" result="Passed" start-time="2026-08-03 17:53:50Z" end-time="2026-08-03 17:53:50Z" duration="0.001121" asserts="0">
                <properties>
                  <property name="retryIteration" value="0" />
                  <property name="repeatIteration" value="0" />
                </properties>
              </test-case>
              <test-case id="1076" name="DecoderPreservesBattleValuesAndDestructionFlags" fullname="ArcaneDuel.Tests.EditMode.CoreProtocolEditModeTests.DecoderPreservesBattleValuesAndDestructionFlags" methodname="DecoderPreservesBattleValuesAndDestructionFlags" classname="ArcaneDuel.Tests.EditMode.CoreProtocolEditModeTests" runstate="Runnable" seed="1394069265" result="Passed" start-time="2026-08-03 17:53:50Z" end-time="2026-08-03 17:53:50Z" duration="0.000730" asserts="0">
                <properties>
                  <property name="retryIteration" value="0" />
                  <property name="repeatIteration" value="0" />
                </properties>
              </test-case>
              <test-case id="1074" name="DecoderReadsFramedTurnPhaseAndDrawMessages" fullname="ArcaneDuel.Tests.EditMode.CoreProtocolEditModeTests.DecoderReadsFramedTurnPhaseAndDrawMessages" methodname="DecoderReadsFramedTurnPhaseAndDrawMessages" classname="ArcaneDuel.Tests.EditMode.CoreProtocolEditModeTests" runstate="Runnable" seed="478327024" result="Passed" start-time="2026-08-03 17:53:50Z" end-time="2026-08-03 17:53:50Z" duration="0.000482" asserts="0">
                <properties>
                  <property name="retryIteration" value="0" />
                  <property name="repeatIteration" value="0" />
                </properties>
              </test-case>
              <test-case id="1077" name="DecoderRejectsTruncatedPackets" fullname="ArcaneDuel.Tests.EditMode.CoreProtocolEditModeTests.DecoderRejectsTruncatedPackets" methodname="DecoderRejectsTruncatedPackets" classname="ArcaneDuel.Tests.EditMode.CoreProtocolEditModeTests" runstate="Runnable" seed="1654455519" result="Passed" start-time="2026-08-03 17:53:50Z" end-time="2026-08-03 17:53:50Z" duration="0.001316" asserts="0">
                <properties>
                  <property name="retryIteration" value="0" />
                  <property name="repeatIteration" value="0" />
                </properties>
              </test-case>
              <test-case id="1086" name="EffectQuestionUsesCompactRespondOrPassControls" fullname="ArcaneDuel.Tests.EditMode.CoreProtocolEditModeTests.EffectQuestionUsesCompactRespondOrPassControls" methodname="EffectQuestionUsesCompactRespondOrPassControls" classname="ArcaneDuel.Tests.EditMode.CoreProtocolEditModeTests" runstate="Runnable" seed="1850626395" result="Passed" start-time="2026-08-03 17:53:50Z" end-time="2026-08-03 17:53:50Z" duration="0.000715" asserts="0">
                <properties>
                  <property name="retryIteration" value="0" />
                  <property name="repeatIteration" value="0" />
                </properties>
              </test-case>
              <test-case id="1083" name="EmptyOptionalChainIsSafeToPassWithoutOpeningAWindow" fullname="ArcaneDuel.Tests.EditMode.CoreProtocolEditModeTests.EmptyOptionalChainIsSafeToPassWithoutOpeningAWindow" methodname="EmptyOptionalChainIsSafeToPassWithoutOpeningAWindow" classname="ArcaneDuel.Tests.EditMode.CoreProtocolEditModeTests" runstate="Runnable" seed="1657880103" result="Passed" start-time="2026-08-03 17:53:50Z" end-time="2026-08-03 17:53:50Z" duration="0.000636" asserts="0">
                <properties>
                  <property name="retryIteration" value="0" />
                  <property name="repeatIteration" value="0" />
                </properties>
              </test-case>
              <test-case id="1085" name="ForcedChainStillOpensTheCompleteResponseTray" fullname="ArcaneDuel.Tests.EditMode.CoreProtocolEditModeTests.ForcedChainStillOpensTheCompleteResponseTray" methodname="ForcedChainStillOpensTheCompleteResponseTray" classname="ArcaneDuel.Tests.EditMode.CoreProtocolEditModeTests" runstate="Runnable" seed="1746332872" result="Passed" start-time="2026-08-03 17:53:50Z" end-time="2026-08-03 17:53:50Z" duration="0.000665" asserts="0">
                <properties>
                  <property name="retryIteration" value="0" />
                  <property name="repeatIteration" value="0" />
                </properties>
              </test-case>
              <test-case id="1078" name="IdleChoicesKeepExactCardLocationForDirectInteraction" fullname="ArcaneDuel.Tests.EditMode.CoreProtocolEditModeTests.IdleChoicesKeepExactCardLocationForDirectInteraction" methodname="IdleChoicesKeepExactCardLocationForDirectInteraction" classname="ArcaneDuel.Tests.EditMode.CoreProtocolEditModeTests" runstate="Runnable" seed="1840366843" result="Passed" start-time="2026-08-03 17:53:50Z" end-time="2026-08-03 17:53:50Z" duration="0.001349" asserts="0">
                <properties>
                  <property name="retryIteration" value="0" />
                  <property name="repeatIteration" value="0" />
                </properties>
              </test-case>
              <test-case id="1098" name="KnownPresentationEventsAreNotReportedAsUnknown" fullname="ArcaneDuel.Tests.EditMode.CoreProtocolEditModeTests.KnownPresentationEventsAreNotReportedAsUnknown" methodname="KnownPresentationEventsAreNotReportedAsUnknown" classname="ArcaneDuel.Tests.EditMode.CoreProtocolEditModeTests" runstate="Runnable" seed="830605382" result="Passed" start-time="2026-08-03 17:53:50Z" end-time="2026-08-03 17:53:50Z" duration="0.000802" asserts="0">
                <properties>
                  <property name="retryIteration" value="0" />
                  <property name="repeatIteration" value="0" />
                </properties>
              </test-case>
              <test-case id="1081" name="MultiplePlaceResponseRejectsDuplicateOrPartialZones" fullname="ArcaneDuel.Tests.EditMode.CoreProtocolEditModeTests.MultiplePlaceResponseRejectsDuplicateOrPartialZones" methodname="MultiplePlaceResponseRejectsDuplicateOrPartialZones" classname="ArcaneDuel.Tests.EditMode.CoreProtocolEditModeTests" runstate="Runnable" seed="1109996329" result="Passed" start-time="2026-08-03 17:53:50Z" end-time="2026-08-03 17:53:50Z" duration="0.002590" asserts="0">
                <properties>
                  <property name="retryIteration" value="0" />
                  <property name="repeatIteration" value="0" />
                </properties>
              </test-case>
              <test-case id="1080" name="MultiplePlacesAreReturnedInOneCompleteCoreResponse" fullname="ArcaneDuel.Tests.EditMode.CoreProtocolEditModeTests.MultiplePlacesAreReturnedInOneCompleteCoreResponse" methodname="MultiplePlacesAreReturnedInOneCompleteCoreResponse" classname="ArcaneDuel.Tests.EditMode.CoreProtocolEditModeTests" runstate="Runnable" seed="9998139" result="Passed" start-time="2026-08-03 17:53:50Z" end-time="2026-08-03 17:53:50Z" duration="0.005215" asserts="0">
                <properties>
                  <property name="retryIteration" value="0" />
                  <property name="repeatIteration" value="0" />
                </properties>
              </test-case>
              <test-case id="1082" name="OpponentPlaceMaskMapsToTheAbsoluteOpponentField" fullname="ArcaneDuel.Tests.EditMode.CoreProtocolEditModeTests.OpponentPlaceMaskMapsToTheAbsoluteOpponentField" methodname="OpponentPlaceMaskMapsToTheAbsoluteOpponentField" classname="ArcaneDuel.Tests.EditMode.CoreProtocolEditModeTests" runstate="Runnable" seed="168972685" result="Passed" start-time="2026-08-03 17:53:50Z" end-time="2026-08-03 17:53:50Z" duration="0.000758" asserts="0">
                <properties>
                  <property name="retryIteration" value="0" />
                  <property name="repeatIteration" value="0" />
                </properties>
              </test-case>
              <test-case id="1096" name="PayLifePointCostUpdatesPresentationLifePoints" fullname="ArcaneDuel.Tests.EditMode.CoreProtocolEditModeTests.PayLifePointCostUpdatesPresentationLifePoints" methodname="PayLifePointCostUpdatesPresentationLifePoints" classname="ArcaneDuel.Tests.EditMode.CoreProtocolEditModeTests" runstate="Runnable" seed="1253356379" result="Passed" start-time="2026-08-03 17:53:50Z" end-time="2026-08-03 17:53:50Z" duration="0.002075" asserts="0">
                <properties>
                  <property name="retryIteration" value="0" />
                  <property name="repeatIteration" value="0" />
                </properties>
              </test-case>
              <test-case id="1079" name="PlaceChoicesExposeTheExactClickableZone" fullname="ArcaneDuel.Tests.EditMode.CoreProtocolEditModeTests.PlaceChoicesExposeTheExactClickableZone" methodname="PlaceChoicesExposeTheExactClickableZone" classname="ArcaneDuel.Tests.EditMode.CoreProtocolEditModeTests" runstate="Runnable" seed="695824808" result="Passed" start-time="2026-08-03 17:53:50Z" end-time="2026-08-03 17:53:50Z" duration="0.000833" asserts="0">
                <properties>
                  <property name="retryIteration" value="0" />
                  <property name="repeatIteration" value="0" />
                </properties>
              </test-case>
              <test-case id="1095" name="SelectCounterProducesNativePerCardAllocationResponses" fullname="ArcaneDuel.Tests.EditMode.CoreProtocolEditModeTests.SelectCounterProducesNativePerCardAllocationResponses" methodname="SelectCounterProducesNativePerCardAllocationResponses" classname="ArcaneDuel.Tests.EditMode.CoreProtocolEditModeTests" runstate="Runnable" seed="1491350944" result="Passed" start-time="2026-08-03 17:53:50Z" end-time="2026-08-03 17:53:50Z" duration="0.002905" asserts="0">
                <properties>
                  <property name="retryIteration" value="0" />
                  <property name="repeatIteration" value="0" />
                </properties>
              </test-case>
              <test-case id="1094" name="SortPromptAcceptsMoreThanEightCardsWithoutExploding" fullname="ArcaneDuel.Tests.EditMode.CoreProtocolEditModeTests.SortPromptAcceptsMoreThanEightCardsWithoutExploding" methodname="SortPromptAcceptsMoreThanEightCardsWithoutExploding" classname="ArcaneDuel.Tests.EditMode.CoreProtocolEditModeTests" runstate="Runnable" seed="1099372600" result="Passed" start-time="2026-08-03 17:53:50Z" end-time="2026-08-03 17:53:50Z" duration="0.002362" asserts="0">
                <properties>
                  <property name="retryIteration" value="0" />
                  <property name="repeatIteration" value="0" />
                </properties>
              </test-case>
              <test-case id="1090" name="SumAtLeastPromptCanCombineAllSelectableMaterials" fullname="ArcaneDuel.Tests.EditMode.CoreProtocolEditModeTests.SumAtLeastPromptCanCombineAllSelectableMaterials" methodname="SumAtLeastPromptCanCombineAllSelectableMaterials" classname="ArcaneDuel.Tests.EditMode.CoreProtocolEditModeTests" runstate="Runnable" seed="982081308" result="Passed" start-time="2026-08-03 17:53:50Z" end-time="2026-08-03 17:53:50Z" duration="0.003179" asserts="0">
                <properties>
                  <property name="retryIteration" value="0" />
                  <property name="repeatIteration" value="0" />
                </properties>
              </test-case>
              <test-case id="1089" name="SumPromptValidatesAlternativeMaterialTotals" fullname="ArcaneDuel.Tests.EditMode.CoreProtocolEditModeTests.SumPromptValidatesAlternativeMaterialTotals" methodname="SumPromptValidatesAlternativeMaterialTotals" classname="ArcaneDuel.Tests.EditMode.CoreProtocolEditModeTests" runstate="Runnable" seed="665449869" result="Passed" start-time="2026-08-03 17:53:50Z" end-time="2026-08-03 17:53:50Z" duration="0.001795" asserts="0">
                <properties>
                  <property name="retryIteration" value="0" />
                  <property name="repeatIteration" value="0" />
                </properties>
              </test-case>
              <test-case id="1097" name="SwapGraveDeckSkipsNativeHeaderBeforeItsBitfield" fullname="ArcaneDuel.Tests.EditMode.CoreProtocolEditModeTests.SwapGraveDeckSkipsNativeHeaderBeforeItsBitfield" methodname="SwapGraveDeckSkipsNativeHeaderBeforeItsBitfield" classname="ArcaneDuel.Tests.EditMode.CoreProtocolEditModeTests" runstate="Runnable" seed="817319147" result="Passed" start-time="2026-08-03 17:53:50Z" end-time="2026-08-03 17:53:50Z" duration="0.000896" asserts="0">
                <properties>
                  <property name="retryIteration" value="0" />
                  <property name="repeatIteration" value="0" />
                </properties>
              </test-case>
              <test-case id="1091" name="TributePromptUsesReleaseValueInsteadOfCardCount" fullname="ArcaneDuel.Tests.EditMode.CoreProtocolEditModeTests.TributePromptUsesReleaseValueInsteadOfCardCount" methodname="TributePromptUsesReleaseValueInsteadOfCardCount" classname="ArcaneDuel.Tests.EditMode.CoreProtocolEditModeTests" runstate="Runnable" seed="1583420056" result="Passed" start-time="2026-08-03 17:53:50Z" end-time="2026-08-03 17:53:50Z" duration="0.001271" asserts="0">
                <properties>
                  <property name="retryIteration" value="0" />
                  <property name="repeatIteration" value="0" />
                </properties>
              </test-case>
              <test-case id="1088" name="UnselectPolicyFinishesAfterASelectedCardExists" fullname="ArcaneDuel.Tests.EditMode.CoreProtocolEditModeTests.UnselectPolicyFinishesAfterASelectedCardExists" methodname="UnselectPolicyFinishesAfterASelectedCardExists" classname="ArcaneDuel.Tests.EditMode.CoreProtocolEditModeTests" runstate="Runnable" seed="1788867599" result="Passed" start-time="2026-08-03 17:53:50Z" end-time="2026-08-03 17:53:50Z" duration="0.001488" asserts="0">
                <properties>
                  <property name="retryIteration" value="0" />
                  <property name="repeatIteration" value="0" />
                </properties>
              </test-case>
              <test-case id="1087" name="UnselectPromptReturnsTheIterativePairExpectedByCore" fullname="ArcaneDuel.Tests.EditMode.CoreProtocolEditModeTests.UnselectPromptReturnsTheIterativePairExpectedByCore" methodname="UnselectPromptReturnsTheIterativePairExpectedByCore" classname="ArcaneDuel.Tests.EditMode.CoreProtocolEditModeTests" runstate="Runnable" seed="215482751" result="Passed" start-time="2026-08-03 17:53:50Z" end-time="2026-08-03 17:53:50Z" duration="0.000895" asserts="0">
                <properties>
                  <property name="retryIteration" value="0" />
                  <property name="repeatIteration" value="0" />
                </properties>
              </test-case>
            </test-suite>
            <test-suite type="TestFixture" id="1099" name="CuratedDeckBatchAugust2026EditModeTests" fullname="ArcaneDuel.Tests.EditMode.CuratedDeckBatchAugust2026EditModeTests" classname="ArcaneDuel.Tests.EditMode.CuratedDeckBatchAugust2026EditModeTests" runstate="Runnable" testcasecount="4" result="Passed" start-time="2026-08-03 17:53:50Z" end-time="2026-08-03 17:53:50Z" duration="0.207381" total="4" passed="4" failed="0" inconclusive="0" skipped="0" asserts="0">
              <properties />
              <test-case id="1100" name="CapturedDecksPreserveTheirPublishedLists" fullname="ArcaneDuel.Tests.EditMode.CuratedDeckBatchAugust2026EditModeTests.CapturedDecksPreserveTheirPublishedLists" methodname="CapturedDecksPreserveTheirPublishedLists" classname="ArcaneDuel.Tests.EditMode.CuratedDeckBatchAugust2026EditModeTests" runstate="Runnable" seed="1422554148" result="Passed" start-time="2026-08-03 17:53:50Z" end-time="2026-08-03 17:53:50Z" duration="0.002915" asserts="0">
                <properties>
                  <property name="retryIteration" value="0" />
                  <property name="repeatIteration" value="0" />
                </properties>
              </test-case>
              <test-case id="1101" name="EveryCardHasPortuguesePresentationAndCoreRules" fullname="ArcaneDuel.Tests.EditMode.CuratedDeckBatchAugust2026EditModeTests.EveryCardHasPortuguesePresentationAndCoreRules" methodname="EveryCardHasPortuguesePresentationAndCoreRules" classname="ArcaneDuel.Tests.EditMode.CuratedDeckBatchAugust2026EditModeTests" runstate="Runnable" seed="1652188750" result="Passed" start-time="2026-08-03 17:53:50Z" end-time="2026-08-03 17:53:50Z" duration="0.169231" asserts="0">
                <properties>
                  <property name="retryIteration" value="0" />
                  <property name="repeatIteration" value="0" />
                </properties>
              </test-case>
              <test-case id="1103" name="ExistingDarkMagicianListRemainsAuthored" fullname="ArcaneDuel.Tests.EditMode.CuratedDeckBatchAugust2026EditModeTests.ExistingDarkMagicianListRemainsAuthored" methodname="ExistingDarkMagicianListRemainsAuthored" classname="ArcaneDuel.Tests.EditMode.CuratedDeckBatchAugust2026EditModeTests" runstate="Runnable" seed="348368669" result="Passed" start-time="2026-08-03 17:53:50Z" end-time="2026-08-03 17:53:50Z" duration="0.024514" asserts="0">
                <properties>
                  <property name="retryIteration" value="0" />
                  <property name="repeatIteration" value="0" />
                </properties>
              </test-case>
              <test-case id="1102" name="StoreAndLegacyLibraryUseOnlyTheNewReplacementStructures" fullname="ArcaneDuel.Tests.EditMode.CuratedDeckBatchAugust2026EditModeTests.StoreAndLegacyLibraryUseOnlyTheNewReplacementStructures" methodname="StoreAndLegacyLibraryUseOnlyTheNewReplacementStructures" classname="ArcaneDuel.Tests.EditMode.CuratedDeckBatchAugust2026EditModeTests" runstate="Runnable" seed="2096928506" result="Passed" start-time="2026-08-03 17:53:50Z" end-time="2026-08-03 17:53:50Z" duration="0.008406" asserts="0">
                <properties>
                  <property name="retryIteration" value="0" />
                  <property name="repeatIteration" value="0" />
                </properties>
              </test-case>
            </test-suite>
            <test-suite type="TestFixture" id="1104" name="CuratedDeckBatchJuly2026EditModeTests" fullname="ArcaneDuel.Tests.EditMode.CuratedDeckBatchJuly2026EditModeTests" classname="ArcaneDuel.Tests.EditMode.CuratedDeckBatchJuly2026EditModeTests" runstate="Runnable" testcasecount="3" result="Passed" start-time="2026-08-03 17:53:50Z" end-time="2026-08-03 17:53:50Z" duration="0.101569" total="3" passed="3" failed="0" inconclusive="0" skipped="0" asserts="0">
              <properties />
              <test-case id="1106" name="EveryBatchCardHasPortugueseDataArtAndResolvedRules" fullname="ArcaneDuel.Tests.EditMode.CuratedDeckBatchJuly2026EditModeTests.EveryBatchCardHasPortugueseDataArtAndResolvedRules" methodname="EveryBatchCardHasPortugueseDataArtAndResolvedRules" classname="ArcaneDuel.Tests.EditMode.CuratedDeckBatchJuly2026EditModeTests" runstate="Runnable" seed="898806187" result="Passed" start-time="2026-08-03 17:53:50Z" end-time="2026-08-03 17:53:50Z" duration="0.092922" asserts="0">
                <properties>
                  <property name="retryIteration" value="0" />
                  <property name="repeatIteration" value="0" />
                </properties>
              </test-case>
              <test-case id="1105" name="EveryCapturedDeckPreservesItsMainAndExtraSizes" fullname="ArcaneDuel.Tests.EditMode.CuratedDeckBatchJuly2026EditModeTests.EveryCapturedDeckPreservesItsMainAndExtraSizes" methodname="EveryCapturedDeckPreservesItsMainAndExtraSizes" classname="ArcaneDuel.Tests.EditMode.CuratedDeckBatchJuly2026EditModeTests" runstate="Runnable" seed="2075553197" result="Passed" start-time="2026-08-03 17:53:50Z" end-time="2026-08-03 17:53:50Z" duration="0.001546" asserts="0">
                <properties>
                  <property name="retryIteration" value="0" />
                  <property name="repeatIteration" value="0" />
                </properties>
              </test-case>
              <test-case id="1107" name="XyzPendulumMonsterRemainsInTheExtraDeck" fullname="ArcaneDuel.Tests.EditMode.CuratedDeckBatchJuly2026EditModeTests.XyzPendulumMonsterRemainsInTheExtraDeck" methodname="XyzPendulumMonsterRemainsInTheExtraDeck" classname="ArcaneDuel.Tests.EditMode.CuratedDeckBatchJuly2026EditModeTests" runstate="Runnable" seed="1126620454" result="Passed" start-time="2026-08-03 17:53:50Z" end-time="2026-08-03 17:53:50Z" duration="0.005386" asserts="0">
                <properties>
                  <property name="retryIteration" value="0" />
                  <property name="repeatIteration" value="0" />
                </properties>
              </test-case>
            </test-suite>
            <test-suite type="TestFixture" id="1108" name="DarkMagicianDeckAuditEditModeTests" fullname="ArcaneDuel.Tests.EditMode.DarkMagicianDeckAuditEditModeTests" classname="ArcaneDuel.Tests.EditMode.DarkMagicianDeckAuditEditModeTests" runstate="Runnable" testcasecount="7" result="Passed" start-time="2026-08-03 17:53:50Z" end-time="2026-08-03 17:53:50Z" duration="0.560222" total="7" passed="7" failed="0" inconclusive="0" skipped="0" asserts="0">
              <properties />
              <test-suite type="ParameterizedMethod" id="1116" name="CompleteDarkMagicianDeckAdvancesWithoutRetry" fullname="ArcaneDuel.Tests.EditMode.DarkMagicianDeckAuditEditModeTests.CompleteDarkMagicianDeckAdvancesWithoutRetry" classname="ArcaneDuel.Tests.EditMode.DarkMagicianDeckAuditEditModeTests" runstate="Runnable" testcasecount="3" result="Passed" start-time="2026-08-03 17:53:50Z" end-time="2026-08-03 17:53:50Z" duration="0.355703" total="3" passed="3" failed="0" inconclusive="0" skipped="0" asserts="0">
                <properties />
                <test-case id="1113" name="CompleteDarkMagicianDeckAdvancesWithoutRetry(54273UL)" fullname="ArcaneDuel.Tests.EditMode.DarkMagicianDeckAuditEditModeTests.CompleteDarkMagicianDeckAdvancesWithoutRetry(54273UL)" methodname="CompleteDarkMagicianDeckAdvancesWithoutRetry" classname="ArcaneDuel.Tests.EditMode.DarkMagicianDeckAuditEditModeTests" runstate="Runnable" seed="43561018" result="Passed" start-time="2026-08-03 17:53:50Z" end-time="2026-08-03 17:53:50Z" duration="0.120114" asserts="0">
                  <properties>
                    <property name="retryIteration" value="0" />
                    <property name="repeatIteration" value="0" />
                  </properties>
                </test-case>
                <test-case id="1114" name="CompleteDarkMagicianDeckAdvancesWithoutRetry(54274UL)" fullname="ArcaneDuel.Tests.EditMode.DarkMagicianDeckAuditEditModeTests.CompleteDarkMagicianDeckAdvancesWithoutRetry(54274UL)" methodname="CompleteDarkMagicianDeckAdvancesWithoutRetry" classname="ArcaneDuel.Tests.EditMode.DarkMagicianDeckAuditEditModeTests" runstate="Runnable" seed="1424987480" result="Passed" start-time="2026-08-03 17:53:50Z" end-time="2026-08-03 17:53:50Z" duration="0.121361" asserts="0">
                  <properties>
                    <property name="retryIteration" value="0" />
                    <property name="repeatIteration" value="0" />
                  </properties>
                </test-case>
                <test-case id="1115" name="CompleteDarkMagicianDeckAdvancesWithoutRetry(54275UL)" fullname="ArcaneDuel.Tests.EditMode.DarkMagicianDeckAuditEditModeTests.CompleteDarkMagicianDeckAdvancesWithoutRetry(54275UL)" methodname="CompleteDarkMagicianDeckAdvancesWithoutRetry" classname="ArcaneDuel.Tests.EditMode.DarkMagicianDeckAuditEditModeTests" runstate="Runnable" seed="609836070" result="Passed" start-time="2026-08-03 17:53:50Z" end-time="2026-08-03 17:53:50Z" duration="0.113502" asserts="0">
                  <properties>
                    <property name="retryIteration" value="0" />
                    <property name="repeatIteration" value="0" />
                  </properties>
                </test-case>
              </test-suite>
              <test-case id="1110" name="DarkMagicianOfficialTextSnapshotMatchesPresentationCatalogs" fullname="ArcaneDuel.Tests.EditMode.DarkMagicianDeckAuditEditModeTests.DarkMagicianOfficialTextSnapshotMatchesPresentationCatalogs" methodname="DarkMagicianOfficialTextSnapshotMatchesPresentationCatalogs" classname="ArcaneDuel.Tests.EditMode.DarkMagicianDeckAuditEditModeTests" runstate="Runnable" seed="1542315629" result="Passed" start-time="2026-08-03 17:53:50Z" end-time="2026-08-03 17:53:50Z" duration="0.052977" asserts="0">
                <properties>
                  <property name="retryIteration" value="0" />
                  <property name="repeatIteration" value="0" />
                </properties>
              </test-case>
              <test-case id="1109" name="DefaultRuleProfileUsesCurrentTcgSimultaneousTriggerRules" fullname="ArcaneDuel.Tests.EditMode.DarkMagicianDeckAuditEditModeTests.DefaultRuleProfileUsesCurrentTcgSimultaneousTriggerRules" methodname="DefaultRuleProfileUsesCurrentTcgSimultaneousTriggerRules" classname="ArcaneDuel.Tests.EditMode.DarkMagicianDeckAuditEditModeTests" runstate="Runnable" seed="615319541" result="Passed" start-time="2026-08-03 17:53:50Z" end-time="2026-08-03 17:53:50Z" duration="0.002955" asserts="0">
                <properties>
[...]
                <properties>
                  <property name="retryIteration" value="0" />
                  <property name="repeatIteration" value="0" />
                </properties>
              </test-case>
              <test-case id="1215" name="DiscardAndReturnKeepTheSamePhysicalCopy" fullname="ArcaneDuel.Tests.EditMode.StabilizationRegressionEditModeTests.DiscardAndReturnKeepTheSamePhysicalCopy" methodname="DiscardAndReturnKeepTheSamePhysicalCopy" classname="ArcaneDuel.Tests.EditMode.StabilizationRegressionEditModeTests" runstate="Runnable" seed="1204607400" result="Passed" start-time="2026-08-03 17:55:11Z" end-time="2026-08-03 17:55:11Z" duration="0.012956" asserts="0">
                <properties>
                  <property name="retryIteration" value="0" />
                  <property name="repeatIteration" value="0" />
                </properties>
              </test-case>
              <test-case id="1213" name="IdenticalDefinitionsCreateDistinctPhysicalInstances" fullname="ArcaneDuel.Tests.EditMode.StabilizationRegressionEditModeTests.IdenticalDefinitionsCreateDistinctPhysicalInstances" methodname="IdenticalDefinitionsCreateDistinctPhysicalInstances" classname="ArcaneDuel.Tests.EditMode.StabilizationRegressionEditModeTests" runstate="Runnable" seed="1979125727" result="Passed" start-time="2026-08-03 17:55:11Z" end-time="2026-08-03 17:55:11Z" duration="0.017171" asserts="0">
                <properties>
                  <property name="retryIteration" value="0" />
                  <property name="repeatIteration" value="0" />
                </properties>
              </test-case>
              <test-case id="1214" name="MovingSecondDuplicateNeverConsumesFirstCopy" fullname="ArcaneDuel.Tests.EditMode.StabilizationRegressionEditModeTests.MovingSecondDuplicateNeverConsumesFirstCopy" methodname="MovingSecondDuplicateNeverConsumesFirstCopy" classname="ArcaneDuel.Tests.EditMode.StabilizationRegressionEditModeTests" runstate="Runnable" seed="1608037048" result="Passed" start-time="2026-08-03 17:55:11Z" end-time="2026-08-03 17:55:11Z" duration="0.035140" asserts="0">
                <properties>
                  <property name="retryIteration" value="0" />
                  <property name="repeatIteration" value="0" />
                </properties>
              </test-case>
              <test-case id="1222" name="NormalSummonLegalityAndResolutionComeFromCore" fullname="ArcaneDuel.Tests.EditMode.StabilizationRegressionEditModeTests.NormalSummonLegalityAndResolutionComeFromCore" methodname="NormalSummonLegalityAndResolutionComeFromCore" classname="ArcaneDuel.Tests.EditMode.StabilizationRegressionEditModeTests" runstate="Runnable" seed="741321039" result="Passed" start-time="2026-08-03 17:55:11Z" end-time="2026-08-03 17:55:11Z" duration="0.037947" asserts="0">
                <properties>
                  <property name="retryIteration" value="0" />
                  <property name="repeatIteration" value="0" />
                </properties>
              </test-case>
              <test-case id="1220" name="RepeatedNoProgressStateStopsOverPrioritizingXyz" fullname="ArcaneDuel.Tests.EditMode.StabilizationRegressionEditModeTests.RepeatedNoProgressStateStopsOverPrioritizingXyz" methodname="RepeatedNoProgressStateStopsOverPrioritizingXyz" classname="ArcaneDuel.Tests.EditMode.StabilizationRegressionEditModeTests" runstate="Runnable" seed="1489742910" result="Passed" start-time="2026-08-03 17:55:11Z" end-time="2026-08-03 17:55:11Z" duration="0.058363" asserts="0">
                <properties>
                  <property name="retryIteration" value="0" />
                  <property name="repeatIteration" value="0" />
                </properties>
              </test-case>
              <test-case id="1218" name="ShuffleHandReordersDefinitionsInstancesAndCoreAddresses" fullname="ArcaneDuel.Tests.EditMode.StabilizationRegressionEditModeTests.ShuffleHandReordersDefinitionsInstancesAndCoreAddresses" methodname="ShuffleHandReordersDefinitionsInstancesAndCoreAddresses" classname="ArcaneDuel.Tests.EditMode.StabilizationRegressionEditModeTests" runstate="Runnable" seed="1357943720" result="Passed" start-time="2026-08-03 17:55:11Z" end-time="2026-08-03 17:55:11Z" duration="0.013061" asserts="0">
                <properties>
                  <property name="retryIteration" value="0" />
                  <property name="repeatIteration" value="0" />
                </properties>
              </test-case>
              <test-case id="1223" name="TributeSummonLegalityAndMaterialsComeFromCore" fullname="ArcaneDuel.Tests.EditMode.StabilizationRegressionEditModeTests.TributeSummonLegalityAndMaterialsComeFromCore" methodname="TributeSummonLegalityAndMaterialsComeFromCore" classname="ArcaneDuel.Tests.EditMode.StabilizationRegressionEditModeTests" runstate="Runnable" seed="438899237" result="Passed" start-time="2026-08-03 17:55:11Z" end-time="2026-08-03 17:55:11Z" duration="0.041669" asserts="0">
                <properties>
                  <property name="retryIteration" value="0" />
                  <property name="repeatIteration" value="0" />
                </properties>
              </test-case>
              <test-case id="1216" name="XyzMaterialsRemainBoundToTheirAuthoritativeHost" fullname="ArcaneDuel.Tests.EditMode.StabilizationRegressionEditModeTests.XyzMaterialsRemainBoundToTheirAuthoritativeHost" methodname="XyzMaterialsRemainBoundToTheirAuthoritativeHost" classname="ArcaneDuel.Tests.EditMode.StabilizationRegressionEditModeTests" runstate="Runnable" seed="1961689576" result="Passed" start-time="2026-08-03 17:55:11Z" end-time="2026-08-03 17:55:11Z" duration="0.012119" asserts="0">
                <properties>
                  <property name="retryIteration" value="0" />
                  <property name="repeatIteration" value="0" />
                </properties>
              </test-case>
            </test-suite>
            <test-suite type="TestFixture" id="1226" name="StarterDeckClaimEditModeTests" fullname="ArcaneDuel.Tests.EditMode.StarterDeckClaimEditModeTests" classname="ArcaneDuel.Tests.EditMode.StarterDeckClaimEditModeTests" runstate="Runnable" testcasecount="6" result="Passed" start-time="2026-08-03 17:55:11Z" end-time="2026-08-03 17:55:12Z" duration="0.140218" total="6" passed="6" failed="0" inconclusive="0" skipped="0" asserts="0">
              <properties />
              <test-case id="1227" name="C01_ClaimIsAtomicAndIdempotent" fullname="ArcaneDuel.Tests.EditMode.StarterDeckClaimEditModeTests.C01_ClaimIsAtomicAndIdempotent" methodname="C01_ClaimIsAtomicAndIdempotent" classname="ArcaneDuel.Tests.EditMode.StarterDeckClaimEditModeTests" runstate="Runnable" seed="218201760" result="Passed" start-time="2026-08-03 17:55:11Z" end-time="2026-08-03 17:55:11Z" duration="0.033686" asserts="0">
                <properties>
                  <property name="retryIteration" value="0" />
                  <property name="repeatIteration" value="0" />
                </properties>
              </test-case>
              <test-case id="1228" name="C02_FailureBeforeCommitRollsBackInventoryAndDeck" fullname="ArcaneDuel.Tests.EditMode.StarterDeckClaimEditModeTests.C02_FailureBeforeCommitRollsBackInventoryAndDeck" methodname="C02_FailureBeforeCommitRollsBackInventoryAndDeck" classname="ArcaneDuel.Tests.EditMode.StarterDeckClaimEditModeTests" runstate="Runnable" seed="504451901" result="Passed" start-time="2026-08-03 17:55:11Z" end-time="2026-08-03 17:55:11Z" duration="0.007525" asserts="0">
                <properties>
                  <property name="retryIteration" value="0" />
                  <property name="repeatIteration" value="0" />
                </properties>
              </test-case>
              <test-case id="1229" name="C03_ProfileCannotClaimAnotherStarterDeck" fullname="ArcaneDuel.Tests.EditMode.StarterDeckClaimEditModeTests.C03_ProfileCannotClaimAnotherStarterDeck" methodname="C03_ProfileCannotClaimAnotherStarterDeck" classname="ArcaneDuel.Tests.EditMode.StarterDeckClaimEditModeTests" runstate="Runnable" seed="1532739246" result="Passed" start-time="2026-08-03 17:55:11Z" end-time="2026-08-03 17:55:11Z" duration="0.025468" asserts="0">
                <properties>
                  <property name="retryIteration" value="0" />
                  <property name="repeatIteration" value="0" />
                </properties>
              </test-case>
              <test-case id="1230" name="C04_ClaimPersistsAcrossRepositoryReload" fullname="ArcaneDuel.Tests.EditMode.StarterDeckClaimEditModeTests.C04_ClaimPersistsAcrossRepositoryReload" methodname="C04_ClaimPersistsAcrossRepositoryReload" classname="ArcaneDuel.Tests.EditMode.StarterDeckClaimEditModeTests" runstate="Runnable" seed="728185391" result="Passed" start-time="2026-08-03 17:55:11Z" end-time="2026-08-03 17:55:11Z" duration="0.023207" asserts="0">
                <properties>
                  <property name="retryIteration" value="0" />
                  <property name="repeatIteration" value="0" />
                </properties>
              </test-case>
              <test-case id="1231" name="O01_EveryPublishableStarterDeckPassesHostGate" fullname="ArcaneDuel.Tests.EditMode.StarterDeckClaimEditModeTests.O01_EveryPublishableStarterDeckPassesHostGate" methodname="O01_EveryPublishableStarterDeckPassesHostGate" classname="ArcaneDuel.Tests.EditMode.StarterDeckClaimEditModeTests" runstate="Runnable" seed="1561931901" result="Passed" start-time="2026-08-03 17:55:11Z" end-time="2026-08-03 17:55:12Z" duration="0.045466" asserts="0">
                <properties>
                  <property name="retryIteration" value="0" />
                  <property name="repeatIteration" value="0" />
                </properties>
              </test-case>
              <test-case id="1232" name="O02_HostGateRejectsTamperedManifest" fullname="ArcaneDuel.Tests.EditMode.StarterDeckClaimEditModeTests.O02_HostGateRejectsTamperedManifest" methodname="O02_HostGateRejectsTamperedManifest" classname="ArcaneDuel.Tests.EditMode.StarterDeckClaimEditModeTests" runstate="Runnable" seed="1165802298" result="Passed" start-time="2026-08-03 17:55:12Z" end-time="2026-08-03 17:55:12Z" duration="0.001954" asserts="0">
                <properties>
                  <property name="retryIteration" value="0" />
                  <property name="repeatIteration" value="0" />
                </properties>
              </test-case>
            </test-suite>
            <test-suite type="TestFixture" id="1233" name="StarterDeckSanitizerEditModeTests" fullname="ArcaneDuel.Tests.EditMode.StarterDeckSanitizerEditModeTests" classname="ArcaneDuel.Tests.EditMode.StarterDeckSanitizerEditModeTests" runstate="Runnable" testcasecount="5" result="Passed" start-time="2026-08-03 17:55:12Z" end-time="2026-08-03 17:55:12Z" duration="0.010300" total="5" passed="5" failed="0" inconclusive="0" skipped="0" asserts="0">
              <properties />
              <test-case id="1234" name="S01_ForbiddenCardsAreRemovedDeterministically" fullname="ArcaneDuel.Tests.EditMode.StarterDeckSanitizerEditModeTests.S01_ForbiddenCardsAreRemovedDeterministically" methodname="S01_ForbiddenCardsAreRemovedDeterministically" classname="ArcaneDuel.Tests.EditMode.StarterDeckSanitizerEditModeTests" runstate="Runnable" seed="1201727425" result="Passed" start-time="2026-08-03 17:55:12Z" end-time="2026-08-03 17:55:12Z" duration="0.003374" asserts="0">
                <properties>
                  <property name="retryIteration" value="0" />
                  <property name="repeatIteration" value="0" />
                </properties>
              </test-case>
              <test-case id="1235" name="S02_LimitsAreCombinedAcrossSections" fullname="ArcaneDuel.Tests.EditMode.StarterDeckSanitizerEditModeTests.S02_LimitsAreCombinedAcrossSections" methodname="S02_LimitsAreCombinedAcrossSections" classname="ArcaneDuel.Tests.EditMode.StarterDeckSanitizerEditModeTests" runstate="Runnable" seed="179444489" result="Passed" start-time="2026-08-03 17:55:12Z" end-time="2026-08-03 17:55:12Z" duration="0.001238" asserts="0">
                <properties>
                  <property name="retryIteration" value="0" />
                  <property name="repeatIteration" value="0" />
                </properties>
              </test-case>
              <test-case id="1236" name="S03_MainBelowFortyRemainsBlockedWithoutApprovedOverride" fullname="ArcaneDuel.Tests.EditMode.StarterDeckSanitizerEditModeTests.S03_MainBelowFortyRemainsBlockedWithoutApprovedOverride" methodname="S03_MainBelowFortyRemainsBlockedWithoutApprovedOverride" classname="ArcaneDuel.Tests.EditMode.StarterDeckSanitizerEditModeTests" runstate="Runnable" seed="999333459" result="Passed" start-time="2026-08-03 17:55:12Z" end-time="2026-08-03 17:55:12Z" duration="0.001568" asserts="0">
                <properties>
                  <property name="retryIteration" value="0" />
                  <property name="repeatIteration" value="0" />
                </properties>
              </test-case>
              <test-case id="1238" name="S04_SanitizationIsIdempotent" fullname="ArcaneDuel.Tests.EditMode.StarterDeckSanitizerEditModeTests.S04_SanitizationIsIdempotent" methodname="S04_SanitizationIsIdempotent" classname="ArcaneDuel.Tests.EditMode.StarterDeckSanitizerEditModeTests" runstate="Runnable" seed="332677485" result="Passed" start-time="2026-08-03 17:55:12Z" end-time="2026-08-03 17:55:12Z" duration="0.001304" asserts="0">
                <properties>
                  <property name="retryIteration" value="0" />
                  <property name="repeatIteration" value="0" />
                </properties>
              </test-case>
              <test-case id="1237" name="S05_ApprovedReplacementRestoresLegalMainDeck" fullname="ArcaneDuel.Tests.EditMode.StarterDeckSanitizerEditModeTests.S05_ApprovedReplacementRestoresLegalMainDeck" methodname="S05_ApprovedReplacementRestoresLegalMainDeck" classname="ArcaneDuel.Tests.EditMode.StarterDeckSanitizerEditModeTests" runstate="Runnable" seed="1864669929" result="Passed" start-time="2026-08-03 17:55:12Z" end-time="2026-08-03 17:55:12Z" duration="0.001133" asserts="0">
                <properties>
                  <property name="retryIteration" value="0" />
                  <property name="repeatIteration" value="0" />
                </properties>
              </test-case>
            </test-suite>
            <test-suite type="TestFixture" id="1239" name="ToonDeckContentEditModeTests" fullname="ArcaneDuel.Tests.EditMode.ToonDeckContentEditModeTests" classname="ArcaneDuel.Tests.EditMode.ToonDeckContentEditModeTests" runstate="Runnable" testcasecount="3" result="Passed" start-time="2026-08-03 17:55:12Z" end-time="2026-08-03 17:55:12Z" duration="0.173269" total="3" passed="3" failed="0" inconclusive="0" skipped="0" asserts="0">
              <properties />
              <test-case id="1241" name="EveryToonCardHasPortugueseDataArtAndOfficialScript" fullname="ArcaneDuel.Tests.EditMode.ToonDeckContentEditModeTests.EveryToonCardHasPortugueseDataArtAndOfficialScript" methodname="EveryToonCardHasPortugueseDataArtAndOfficialScript" classname="ArcaneDuel.Tests.EditMode.ToonDeckContentEditModeTests" runstate="Runnable" seed="900293508" result="Passed" start-time="2026-08-03 17:55:12Z" end-time="2026-08-03 17:55:12Z" duration="0.022399" asserts="0">
                <properties>
                  <property name="retryIteration" value="0" />
                  <property name="repeatIteration" value="0" />
                </properties>
              </test-case>
              <test-case id="1242" name="PortugueseLocalizationCoversEveryAuthoredCoreCard" fullname="ArcaneDuel.Tests.EditMode.ToonDeckContentEditModeTests.PortugueseLocalizationCoversEveryAuthoredCoreCard" methodname="PortugueseLocalizationCoversEveryAuthoredCoreCard" classname="ArcaneDuel.Tests.EditMode.ToonDeckContentEditModeTests" runstate="Runnable" seed="1294132603" result="Passed" start-time="2026-08-03 17:55:12Z" end-time="2026-08-03 17:55:12Z" duration="0.149233" asserts="0">
                <properties>
                  <property name="retryIteration" value="0" />
                  <property name="repeatIteration" value="0" />
                </properties>
              </test-case>
              <test-case id="1240" name="ToonDeckHasTheExactMainAndExtraDeckSizes" fullname="ArcaneDuel.Tests.EditMode.ToonDeckContentEditModeTests.ToonDeckHasTheExactMainAndExtraDeckSizes" methodname="ToonDeckHasTheExactMainAndExtraDeckSizes" classname="ArcaneDuel.Tests.EditMode.ToonDeckContentEditModeTests" runstate="Runnable" seed="134140316" result="Passed" start-time="2026-08-03 17:55:12Z" end-time="2026-08-03 17:55:12Z" duration="0.000560" asserts="0">
                <properties>
                  <property name="retryIteration" value="0" />
                  <property name="repeatIteration" value="0" />
                </properties>
              </test-case>
            </test-suite>
            <test-suite type="TestFixture" id="1243" name="WarRockContentEditModeTests" fullname="ArcaneDuel.Tests.EditMode.WarRockContentEditModeTests" classname="ArcaneDuel.Tests.EditMode.WarRockContentEditModeTests" runstate="Runnable" testcasecount="3" result="Passed" start-time="2026-08-03 17:55:12Z" end-time="2026-08-03 17:55:12Z" duration="0.158455" total="3" passed="3" failed="0" inconclusive="0" skipped="0" asserts="0">
              <properties />
              <test-case id="1244" name="RequestedWarRockCardsHavePortugueseMetadataAndPresentation" fullname="ArcaneDuel.Tests.EditMode.WarRockContentEditModeTests.RequestedWarRockCardsHavePortugueseMetadataAndPresentation" methodname="RequestedWarRockCardsHavePortugueseMetadataAndPresentation" classname="ArcaneDuel.Tests.EditMode.WarRockContentEditModeTests" runstate="Runnable" seed="1169161917" result="Passed" start-time="2026-08-03 17:55:12Z" end-time="2026-08-03 17:55:12Z" duration="0.020230" asserts="0">
                <properties>
                  <property name="retryIteration" value="0" />
                  <property name="repeatIteration" value="0" />
                </properties>
              </test-case>
              <test-case id="1245" name="RequestedWarRockCardsRegisterInNativeCoreWithoutScriptErrors" fullname="ArcaneDuel.Tests.EditMode.WarRockContentEditModeTests.RequestedWarRockCardsRegisterInNativeCoreWithoutScriptErrors" methodname="RequestedWarRockCardsRegisterInNativeCoreWithoutScriptErrors" classname="ArcaneDuel.Tests.EditMode.WarRockContentEditModeTests" runstate="Runnable" seed="539592055" result="Passed" start-time="2026-08-03 17:55:12Z" end-time="2026-08-03 17:55:12Z" duration="0.056370" asserts="0">
                <properties>
                  <property name="retryIteration" value="0" />
                  <property name="repeatIteration" value="0" />
                </properties>
              </test-case>
              <test-case id="1246" name="RequestedWarRockCardsSurviveSixTurnsThroughNativeCore" fullname="ArcaneDuel.Tests.EditMode.WarRockContentEditModeTests.RequestedWarRockCardsSurviveSixTurnsThroughNativeCore" methodname="RequestedWarRockCardsSurviveSixTurnsThroughNativeCore" classname="ArcaneDuel.Tests.EditMode.WarRockContentEditModeTests" runstate="Runnable" seed="236694712" result="Passed" start-time="2026-08-03 17:55:12Z" end-time="2026-08-03 17:55:12Z" duration="0.080501" asserts="0">
                <properties>
                  <property name="retryIteration" value="0" />
                  <property name="repeatIteration" value="0" />
                </properties>
                <output><![CDATA[Saving results to: C:/Users/Ellen Jennyffer/AppData/LocalLow/Arcane Duel Team/Arcane Duel\TestResults.xml
]]></output>
              </test-case>
            </test-suite>
          </test-suite>
        </test-suite>
      </test-suite>
    </test-suite>
  </test-suite>
</test-run>