<?xml version="1.0" encoding="utf-8"?>
<test-run id="2" testcasecount="25" result="Passed" total="25" passed="25" failed="0" inconclusive="0" skipped="0" asserts="0" engine-version="3.5.0.0" clr-version="4.0.30319.42000" start-time="2026-07-31 17:09:42Z" end-time="2026-07-31 17:09:47Z" duration="5,0557007">
  <test-suite type="TestSuite" id="1000" name="Arcane Duel" fullname="Arcane Duel" runstate="Runnable" testcasecount="76" result="Passed" start-time="2026-07-31 17:09:42Z" end-time="2026-07-31 17:09:47Z" duration="5.055701" total="25" passed="25" failed="0" inconclusive="0" skipped="0" asserts="0">
    <properties>
      <property name="platform" value="EditMode" />
    </properties>
    <test-suite type="Assembly" id="1094" name="ArcaneDuel.EditModeTests.dll" fullname="C:/Unity Projeto/CARD12/Library/ScriptAssemblies/ArcaneDuel.EditModeTests.dll" runstate="Runnable" testcasecount="76" result="Passed" start-time="2026-07-31 17:09:42Z" end-time="2026-07-31 17:09:47Z" duration="5.022410" total="25" passed="25" failed="0" inconclusive="0" skipped="0" asserts="0">
      <properties>
        <property name="_PID" value="14268" />
        <property name="_APPDOMAIN" value="Unity Child Domain" />
        <property name="platform" value="EditMode" />
        <property name="EditorOnly" value="True" />
      </properties>
      <test-suite type="TestSuite" id="1095" name="ArcaneDuel" fullname="ArcaneDuel" runstate="Runnable" testcasecount="76" result="Passed" start-time="2026-07-31 17:09:42Z" end-time="2026-07-31 17:09:47Z" duration="5.004028" total="25" passed="25" failed="0" inconclusive="0" skipped="0" asserts="0">
        <properties />
        <test-suite type="TestSuite" id="1096" name="Tests" fullname="ArcaneDuel.Tests" runstate="Runnable" testcasecount="76" result="Passed" start-time="2026-07-31 17:09:42Z" end-time="2026-07-31 17:09:47Z" duration="4.995125" total="25" passed="25" failed="0" inconclusive="0" skipped="0" asserts="0">
          <properties />
          <test-suite type="TestSuite" id="1097" name="EditMode" fullname="ArcaneDuel.Tests.EditMode" runstate="Runnable" testcasecount="76" result="Passed" start-time="2026-07-31 17:09:42Z" end-time="2026-07-31 17:09:47Z" duration="4.987130" total="25" passed="25" failed="0" inconclusive="0" skipped="0" asserts="0">
            <properties />
            <test-suite type="TestFixture" id="1001" name="CardCatalogBatchEditModeTests" fullname="ArcaneDuel.Tests.EditMode.CardCatalogBatchEditModeTests" classname="ArcaneDuel.Tests.EditMode.CardCatalogBatchEditModeTests" runstate="Runnable" testcasecount="22" result="Passed" start-time="2026-07-31 17:09:42Z" end-time="2026-07-31 17:09:45Z" duration="2.724895" total="22" passed="22" failed="0" inconclusive="0" skipped="0" asserts="0">
              <properties />
              <test-suite type="ParameterizedMethod" id="1025" name="CatalogBatchSurvivesTenTurnsThroughNativeCore" fullname="ArcaneDuel.Tests.EditMode.CardCatalogBatchEditModeTests.CatalogBatchSurvivesTenTurnsThroughNativeCore" classname="ArcaneDuel.Tests.EditMode.CardCatalogBatchEditModeTests" runstate="Runnable" testcasecount="10" result="Passed" start-time="2026-07-31 17:09:42Z" end-time="2026-07-31 17:09:45Z" duration="2.197915" total="10" passed="10" failed="0" inconclusive="0" skipped="0" asserts="0">
                <properties />
                <test-case id="1015" name="CatalogBatchSurvivesTenTurnsThroughNativeCore(0)" fullname="ArcaneDuel.Tests.EditMode.CardCatalogBatchEditModeTests.CatalogBatchSurvivesTenTurnsThroughNativeCore(0)" methodname="CatalogBatchSurvivesTenTurnsThroughNativeCore" classname="ArcaneDuel.Tests.EditMode.CardCatalogBatchEditModeTests" runstate="Runnable" seed="1770338856" result="Passed" start-time="2026-07-31 17:09:42Z" end-time="2026-07-31 17:09:43Z" duration="0.683220" asserts="0">
                  <properties>
                    <property name="retryIteration" value="0" />
                    <property name="repeatIteration" value="0" />
                  </properties>
                </test-case>
                <test-case id="1016" name="CatalogBatchSurvivesTenTurnsThroughNativeCore(1)" fullname="ArcaneDuel.Tests.EditMode.CardCatalogBatchEditModeTests.CatalogBatchSurvivesTenTurnsThroughNativeCore(1)" methodname="CatalogBatchSurvivesTenTurnsThroughNativeCore" classname="ArcaneDuel.Tests.EditMode.CardCatalogBatchEditModeTests" runstate="Runnable" seed="361126286" result="Passed" start-time="2026-07-31 17:09:43Z" end-time="2026-07-31 17:09:43Z" duration="0.197753" asserts="0">
                  <properties>
                    <property name="retryIteration" value="0" />
                    <property name="repeatIteration" value="0" />
                  </properties>
                </test-case>
                <test-case id="1017" name="CatalogBatchSurvivesTenTurnsThroughNativeCore(2)" fullname="ArcaneDuel.Tests.EditMode.CardCatalogBatchEditModeTests.CatalogBatchSurvivesTenTurnsThroughNativeCore(2)" methodname="CatalogBatchSurvivesTenTurnsThroughNativeCore" classname="ArcaneDuel.Tests.EditMode.CardCatalogBatchEditModeTests" runstate="Runnable" seed="966575660" result="Passed" start-time="2026-07-31 17:09:43Z" end-time="2026-07-31 17:09:43Z" duration="0.165476" asserts="0">
                  <properties>
                    <property name="retryIteration" value="0" />
                    <property name="repeatIteration" value="0" />
                  </properties>
                </test-case>
                <test-case id="1018" name="CatalogBatchSurvivesTenTurnsThroughNativeCore(3)" fullname="ArcaneDuel.Tests.EditMode.CardCatalogBatchEditModeTests.CatalogBatchSurvivesTenTurnsThroughNativeCore(3)" methodname="CatalogBatchSurvivesTenTurnsThroughNativeCore" classname="ArcaneDuel.Tests.EditMode.CardCatalogBatchEditModeTests" runstate="Runnable" seed="1921162883" result="Passed" start-time="2026-07-31 17:09:43Z" end-time="2026-07-31 17:09:44Z" duration="0.167389" asserts="0">
                  <properties>
                    <property name="retryIteration" value="0" />
                    <property name="repeatIteration" value="0" />
                  </properties>
                </test-case>
                <test-case id="1019" name="CatalogBatchSurvivesTenTurnsThroughNativeCore(4)" fullname="ArcaneDuel.Tests.EditMode.CardCatalogBatchEditModeTests.CatalogBatchSurvivesTenTurnsThroughNativeCore(4)" methodname="CatalogBatchSurvivesTenTurnsThroughNativeCore" classname="ArcaneDuel.Tests.EditMode.CardCatalogBatchEditModeTests" runstate="Runnable" seed="293485234" result="Passed" start-time="2026-07-31 17:09:44Z" end-time="2026-07-31 17:09:44Z" duration="0.199821" asserts="0">
                  <properties>
                    <property name="retryIteration" value="0" />
                    <property name="repeatIteration" value="0" />
                  </properties>
                </test-case>
                <test-case id="1020" name="CatalogBatchSurvivesTenTurnsThroughNativeCore(5)" fullname="ArcaneDuel.Tests.EditMode.CardCatalogBatchEditModeTests.CatalogBatchSurvivesTenTurnsThroughNativeCore(5)" methodname="CatalogBatchSurvivesTenTurnsThroughNativeCore" classname="ArcaneDuel.Tests.EditMode.CardCatalogBatchEditModeTests" runstate="Runnable" seed="1922442965" result="Passed" start-time="2026-07-31 17:09:44Z" end-time="2026-07-31 17:09:44Z" duration="0.213118" asserts="0">
                  <properties>
                    <property name="retryIteration" value="0" />
                    <property name="repeatIteration" value="0" />
                  </properties>
                </test-case>
                <test-case id="1021" name="CatalogBatchSurvivesTenTurnsThroughNativeCore(6)" fullname="ArcaneDuel.Tests.EditMode.CardCatalogBatchEditModeTests.CatalogBatchSurvivesTenTurnsThroughNativeCore(6)" methodname="CatalogBatchSurvivesTenTurnsThroughNativeCore" classname="ArcaneDuel.Tests.EditMode.CardCatalogBatchEditModeTests" runstate="Runnable" seed="491783603" result="Passed" start-time="2026-07-31 17:09:44Z" end-time="2026-07-31 17:09:44Z" duration="0.174540" asserts="0">
                  <properties>
                    <property name="retryIteration" value="0" />
                    <property name="repeatIteration" value="0" />
                  </properties>
                </test-case>
                <test-case id="1022" name="CatalogBatchSurvivesTenTurnsThroughNativeCore(7)" fullname="ArcaneDuel.Tests.EditMode.CardCatalogBatchEditModeTests.CatalogBatchSurvivesTenTurnsThroughNativeCore(7)" methodname="CatalogBatchSurvivesTenTurnsThroughNativeCore" classname="ArcaneDuel.Tests.EditMode.CardCatalogBatchEditModeTests" runstate="Runnable" seed="1637748653" result="Passed" start-time="2026-07-31 17:09:44Z" end-time="2026-07-31 17:09:44Z" duration="0.139948" asserts="0">
                  <properties>
                    <property name="retryIteration" value="0" />
                    <property name="repeatIteration" value="0" />
                  </properties>
                </test-case>
                <test-case id="1023" name="CatalogBatchSurvivesTenTurnsThroughNativeCore(8)" fullname="ArcaneDuel.Tests.EditMode.CardCatalogBatchEditModeTests.CatalogBatchSurvivesTenTurnsThroughNativeCore(8)" methodname="CatalogBatchSurvivesTenTurnsThroughNativeCore" classname="ArcaneDuel.Tests.EditMode.CardCatalogBatchEditModeTests" runstate="Runnable" seed="332319772" result="Passed" start-time="2026-07-31 17:09:44Z" end-time="2026-07-31 17:09:44Z" duration="0.156885" asserts="0">
                  <properties>
                    <property name="retryIteration" value="0" />
                    <property name="repeatIteration" value="0" />
                  </properties>
                </test-case>
                <test-case id="1024" name="CatalogBatchSurvivesTenTurnsThroughNativeCore(9)" fullname="ArcaneDuel.Tests.EditMode.CardCatalogBatchEditModeTests.CatalogBatchSurvivesTenTurnsThroughNativeCore(9)" methodname="CatalogBatchSurvivesTenTurnsThroughNativeCore" classname="ArcaneDuel.Tests.EditMode.CardCatalogBatchEditModeTests" runstate="Runnable" seed="422182577" result="Passed" start-time="2026-07-31 17:09:44Z" end-time="2026-07-31 17:09:45Z" duration="0.075860" asserts="0">
                  <properties>
                    <property name="retryIteration" value="0" />
                    <property name="repeatIteration" value="0" />
                  </properties>
                </test-case>
              </test-suite>
              <test-case id="1014" name="EveryCompiledCoreCardRegistersWithNativeCoreLifecycle" fullname="ArcaneDuel.Tests.EditMode.CardCatalogBatchEditModeTests.EveryCompiledCoreCardRegistersWithNativeCoreLifecycle" methodname="EveryCompiledCoreCardRegistersWithNativeCoreLifecycle" classname="ArcaneDuel.Tests.EditMode.CardCatalogBatchEditModeTests" runstate="Runnable" seed="445678231" result="Passed" start-time="2026-07-31 17:09:45Z" end-time="2026-07-31 17:09:45Z" duration="0.408381" asserts="0">
                <properties>
                  <property name="retryIteration" value="0" />
                  <property name="repeatIteration" value="0" />
                </properties>
              </test-case>
              <test-suite type="ParameterizedMethod" id="1012" name="ImportedBatchHasDataArtAndResolvedScripts" fullname="ArcaneDuel.Tests.EditMode.CardCatalogBatchEditModeTests.ImportedBatchHasDataArtAndResolvedScripts" classname="ArcaneDuel.Tests.EditMode.CardCatalogBatchEditModeTests" runstate="Runnable" testcasecount="10" result="Passed" start-time="2026-07-31 17:09:45Z" end-time="2026-07-31 17:09:45Z" duration="0.099484" total="10" passed="10" failed="0" inconclusive="0" skipped="0" asserts="0">
                <properties />
                <test-case id="1002" name="ImportedBatchHasDataArtAndResolvedScripts(0)" fullname="ArcaneDuel.Tests.EditMode.CardCatalogBatchEditModeTests.ImportedBatchHasDataArtAndResolvedScripts(0)" methodname="ImportedBatchHasDataArtAndResolvedScripts" classname="ArcaneDuel.Tests.EditMode.CardCatalogBatchEditModeTests" runstate="Runnable" seed="1264387267" result="Passed" start-time="2026-07-31 17:09:45Z" end-time="2026-07-31 17:09:45Z" duration="0.016317" asserts="0">
                  <properties>
                    <property name="retryIteration" value="0" />
                    <property name="repeatIteration" value="0" />
                  </properties>
                </test-case>
                <test-case id="1003" name="ImportedBatchHasDataArtAndResolvedScripts(1)" fullname="ArcaneDuel.Tests.EditMode.CardCatalogBatchEditModeTests.ImportedBatchHasDataArtAndResolvedScripts(1)" methodname="ImportedBatchHasDataArtAndResolvedScripts" classname="ArcaneDuel.Tests.EditMode.CardCatalogBatchEditModeTests" runstate="Runnable" seed="586751518" result="Passed" start-time="2026-07-31 17:09:45Z" end-time="2026-07-31 17:09:45Z" duration="0.008652" asserts="0">
                  <properties>
                    <property name="retryIteration" value="0" />
                    <property name="repeatIteration" value="0" />
                  </properties>
                </test-case>
                <test-case id="1004" name="ImportedBatchHasDataArtAndResolvedScripts(2)" fullname="ArcaneDuel.Tests.EditMode.CardCatalogBatchEditModeTests.ImportedBatchHasDataArtAndResolvedScripts(2)" methodname="ImportedBatchHasDataArtAndResolvedScripts" classname="ArcaneDuel.Tests.EditMode.CardCatalogBatchEditModeTests" runstate="Runnable" seed="276237934" result="Passed" start-time="2026-07-31 17:09:45Z" end-time="2026-07-31 17:09:45Z" duration="0.009121" asserts="0">
                  <properties>
                    <property name="retryIteration" value="0" />
                    <property name="repeatIteration" value="0" />
                  </properties>
                </test-case>
                <test-case id="1005" name="ImportedBatchHasDataArtAndResolvedScripts(3)" fullname="ArcaneDuel.Tests.EditMode.CardCatalogBatchEditModeTests.ImportedBatchHasDataArtAndResolvedScripts(3)" methodname="ImportedBatchHasDataArtAndResolvedScripts" classname="ArcaneDuel.Tests.EditMode.CardCatalogBatchEditModeTests" runstate="Runnable" seed="298266675" result="Passed" start-time="2026-07-31 17:09:45Z" end-time="2026-07-31 17:09:45Z" duration="0.008694" asserts="0">
                  <properties>
                    <property name="retryIteration" value="0" />
                    <property name="repeatIteration" value="0" />
                  </properties>
                </test-case>
                <test-case id="1006" name="ImportedBatchHasDataArtAndResolvedScripts(4)" fullname="ArcaneDuel.Tests.EditMode.CardCatalogBatchEditModeTests.ImportedBatchHasDataArtAndResolvedScripts(4)" methodname="ImportedBatchHasDataArtAndResolvedScripts" classname="ArcaneDuel.Tests.EditMode.CardCatalogBatchEditModeTests" runstate="Runnable" seed="2108324940" result="Passed" start-time="2026-07-31 17:09:45Z" end-time="2026-07-31 17:09:45Z" duration="0.009908" asserts="0">
                  <properties>
                    <property name="retryIteration" value="0" />
                    <property name="repeatIteration" value="0" />
                  </properties>
                </test-case>
                <test-case id="1007" name="ImportedBatchHasDataArtAndResolvedScripts(5)" fullname="ArcaneDuel.Tests.EditMode.CardCatalogBatchEditModeTests.ImportedBatchHasDataArtAndResolvedScripts(5)" methodname="ImportedBatchHasDataArtAndResolvedScripts" classname="ArcaneDuel.Tests.EditMode.CardCatalogBatchEditModeTests" runstate="Runnable" seed="176926052" result="Passed" start-time="2026-07-31 17:09:45Z" end-time="2026-07-31 17:09:45Z" duration="0.008737" asserts="0">
                  <properties>
                    <property name="retryIteration" value="0" />
                    <property name="repeatIteration" value="0" />
                  </properties>
                </test-case>
                <test-case id="1008" name="ImportedBatchHasDataArtAndResolvedScripts(6)" fullname="ArcaneDuel.Tests.EditMode.CardCatalogBatchEditModeTests.ImportedBatchHasDataArtAndResolvedScripts(6)" methodname="ImportedBatchHasDataArtAndResolvedScripts" classname="ArcaneDuel.Tests.EditMode.CardCatalogBatchEditModeTests" runstate="Runnable" seed="926879327" result="Passed" start-time="2026-07-31 17:09:45Z" end-time="2026-07-31 17:09:45Z" duration="0.009157" asserts="0">
                  <properties>
                    <property name="retryIteration" value="0" />
                    <property name="repeatIteration" value="0" />
                  </properties>
                </test-case>
                <test-case id="1009" name="ImportedBatchHasDataArtAndResolvedScripts(7)" fullname="ArcaneDuel.Tests.EditMode.CardCatalogBatchEditModeTests.ImportedBatchHasDataArtAndResolvedScripts(7)" methodname="ImportedBatchHasDataArtAndResolvedScripts" classname="ArcaneDuel.Tests.EditMode.CardCatalogBatchEditModeTests" runstate="Runnable" seed="65029113" result="Passed" start-time="2026-07-31 17:09:45Z" end-time="2026-07-31 17:09:45Z" duration="0.008831" asserts="0">
                  <properties>
                    <property name="retryIteration" value="0" />
                    <property name="repeatIteration" value="0" />
                  </properties>
                </test-case>
                <test-case id="1010" name="ImportedBatchHasDataArtAndResolvedScripts(8)" fullname="ArcaneDuel.Tests.EditMode.CardCatalogBatchEditModeTests.ImportedBatchHasDataArtAndResolvedScripts(8)" methodname="ImportedBatchHasDataArtAndResolvedScripts" classname="ArcaneDuel.Tests.EditMode.CardCatalogBatchEditModeTests" runstate="Runnable" seed="456004278" result="Passed" start-time="2026-07-31 17:09:45Z" end-time="2026-07-31 17:09:45Z" duration="0.009345" asserts="0">
                  <properties>
                    <property name="retryIteration" value="0" />
                    <property name="repeatIteration" value="0" />
                  </properties>
                </test-case>
                <test-case id="1011" name="ImportedBatchHasDataArtAndResolvedScripts(9)" fullname="ArcaneDuel.Tests.EditMode.CardCatalogBatchEditModeTests.ImportedBatchHasDataArtAndResolvedScripts(9)" methodname="ImportedBatchHasDataArtAndResolvedScripts" classname="ArcaneDuel.Tests.EditMode.CardCatalogBatchEditModeTests" runstate="Runnable" seed="830278098" result="Passed" start-time="2026-07-31 17:09:45Z" end-time="2026-07-31 17:09:45Z" duration="0.006278" asserts="0">
                  <properties>
                    <property name="retryIteration" value="0" />
                    <property name="repeatIteration" value="0" />
                  </properties>
                </test-case>
              </test-suite>
              <test-case id="1013" name="PresentationCatalogHasUniqueEntriesAndNoRuleMethods" fullname="ArcaneDuel.Tests.EditMode.CardCatalogBatchEditModeTests.PresentationCatalogHasUniqueEntriesAndNoRuleMethods" methodname="PresentationCatalogHasUniqueEntriesAndNoRuleMethods" classname="ArcaneDuel.Tests.EditMode.CardCatalogBatchEditModeTests" runstate="Runnable" seed="879527679" result="Passed" start-time="2026-07-31 17:09:45Z" end-time="2026-07-31 17:09:45Z" duration="0.004354" asserts="0">
                <properties>
                  <property name="retryIteration" value="0" />
                  <property name="repeatIteration" value="0" />
                </properties>
              </test-case>
            </test-suite>
            <test-suite type="TestFixture" id="1073" name="OpponentDeckSelectionEditModeTests" fullname="ArcaneDuel.Tests.EditMode.OpponentDeckSelectionEditModeTests" classname="ArcaneDuel.Tests.EditMode.OpponentDeckSelectionEditModeTests" runstate="Runnable" testcasecount="3" result="Passed" start-time="2026-07-31 17:09:45Z" end-time="2026-07-31 17:09:47Z" duration="2.256680" total="3" passed="3" failed="0" inconclusive="0" skipped="0" asserts="0">
              <properties />
              <test-case id="1076" name="EveryCuratedDeckPairStartsAndProcessesLegalCoreTurns" fullname="ArcaneDuel.Tests.EditMode.OpponentDeckSelectionEditModeTests.EveryCuratedDeckPairStartsAndProcessesLegalCoreTurns" methodname="EveryCuratedDeckPairStartsAndProcessesLegalCoreTurns" classname="ArcaneDuel.Tests.EditMode.OpponentDeckSelectionEditModeTests" runstate="Runnable" seed="163838964" result="Passed" start-time="2026-07-31 17:09:45Z" end-time="2026-07-31 17:09:47Z" duration="2.248606" asserts="0">
                <properties>
                  <property name="retryIteration" value="0" />
                  <property name="repeatIteration" value="0" />
                </properties>
              </test-case>
              <test-case id="1074" name="OpponentRosterContainsOnlyCompleteCuratedDecks" fullname="ArcaneDuel.Tests.EditMode.OpponentDeckSelectionEditModeTests.OpponentRosterContainsOnlyCompleteCuratedDecks" methodname="OpponentRosterContainsOnlyCompleteCuratedDecks" classname="ArcaneDuel.Tests.EditMode.OpponentDeckSelectionEditModeTests" runstate="Runnable" seed="1460503782" result="Passed" start-time="2026-07-31 17:09:47Z" end-time="2026-07-31 17:09:47Z" duration="0.003672" asserts="0">
                <properties>
                  <property name="retryIteration" value="0" />
                  <property name="repeatIteration" value="0" />
                </properties>
              </test-case>
              <test-case id="1075" name="RandomOpponentSelectsAWholeThemeAndAvoidsThePlayersDeck" fullname="ArcaneDuel.Tests.EditMode.OpponentDeckSelectionEditModeTests.RandomOpponentSelectsAWholeThemeAndAvoidsThePlayersDeck" methodname="RandomOpponentSelectsAWholeThemeAndAvoidsThePlayersDeck" classname="ArcaneDuel.Tests.EditMode.OpponentDeckSelectionEditModeTests" runstate="Runnable" seed="803711737" result="Passed" start-time="2026-07-31 17:09:47Z" end-time="2026-07-31 17:09:47Z" duration="0.002813" asserts="0">
                <properties>
                  <property name="retryIteration" value="0" />
                  <property name="repeatIteration" value="0" />
                </properties>
                <output><![CDATA[Saving results to: C:/Users/Ellen Jennyffer/AppData/LocalLow/Arcane Duel Team/Arcane Duel\TestResults.xml
]]></output>
              </test-case>
            </test-suite>
          </test-suite>
        </test-suite>
      </test-suite>
    </test-suite>
  </test-suite>
</test-run>